{"F:\\WinOpt\\WinOptimizerRevamp\\src\\App.tsx": {"path":"F:\\WinOpt\\WinOptimizerRevamp\\src\\App.tsx","statementMap":{"0":{"start":{"line":19,"column":36},"end":{"line":19,"column":null}},"1":{"start":{"line":20,"column":42},"end":{"line":20,"column":null}},"2":{"start":{"line":21,"column":50},"end":{"line":21,"column":null}},"3":{"start":{"line":24,"column":2},"end":{"line":26,"column":null}},"4":{"start":{"line":25,"column":4},"end":{"line":25,"column":null}},"5":{"start":{"line":28,"column":32},"end":{"line":31,"column":null}},"6":{"start":{"line":29,"column":4},"end":{"line":29,"column":null}},"7":{"start":{"line":30,"column":4},"end":{"line":30,"column":null}},"8":{"start":{"line":34,"column":2},"end":{"line":43,"column":null}},"9":{"start":{"line":35,"column":32},"end":{"line":40,"column":null}},"10":{"start":{"line":36,"column":6},"end":{"line":39,"column":null}},"11":{"start":{"line":37,"column":8},"end":{"line":37,"column":null}},"12":{"start":{"line":38,"column":8},"end":{"line":38,"column":null}},"13":{"start":{"line":41,"column":4},"end":{"line":41,"column":null}},"14":{"start":{"line":42,"column":4},"end":{"line":42,"column":null}},"15":{"start":{"line":42,"column":17},"end":{"line":42,"column":null}},"16":{"start":{"line":45,"column":49},"end":{"line":64,"column":null}},"17":{"start":{"line":46,"column":48},"end":{"line":46,"column":73}},"18":{"start":{"line":66,"column":28},"end":{"line":74,"column":null}},"19":{"start":{"line":67,"column":26},"end":{"line":67,"column":null}},"20":{"start":{"line":68,"column":4},"end":{"line":68,"column":null}},"21":{"start":{"line":71,"column":4},"end":{"line":73,"column":null}},"22":{"start":{"line":72,"column":6},"end":{"line":72,"column":null}},"23":{"start":{"line":76,"column":2},"end":{"line":105,"column":null}},"24":{"start":{"line":81,"column":69},"end":{"line":81,"column":99}}},"fnMap":{"0":{"name":"App","decl":{"start":{"line":18,"column":9},"end":{"line":18,"column":15}},"loc":{"start":{"line":18,"column":15},"end":{"line":107,"column":null}},"line":18},"1":{"name":"(anonymous_1)","decl":{"start":{"line":24,"column":12},"end":{"line":24,"column":18}},"loc":{"start":{"line":24,"column":18},"end":{"line":26,"column":5}},"line":24},"2":{"name":"(anonymous_2)","decl":{"start":{"line":28,"column":32},"end":{"line":28,"column":38}},"loc":{"start":{"line":28,"column":38},"end":{"line":31,"column":null}},"line":28},"3":{"name":"(anonymous_3)","decl":{"start":{"line":34,"column":12},"end":{"line":34,"column":18}},"loc":{"start":{"line":34,"column":18},"end":{"line":43,"column":5}},"line":34},"4":{"name":"(anonymous_4)","decl":{"start":{"line":35,"column":32},"end":{"line":35,"column":33}},"loc":{"start":{"line":35,"column":54},"end":{"line":40,"column":null}},"line":35},"5":{"name":"(anonymous_5)","decl":{"start":{"line":42,"column":11},"end":{"line":42,"column":17}},"loc":{"start":{"line":42,"column":17},"end":{"line":42,"column":null}},"line":42},"6":{"name":"(anonymous_6)","decl":{"start":{"line":46,"column":42},"end":{"line":46,"column":48}},"loc":{"start":{"line":46,"column":48},"end":{"line":46,"column":73}},"line":46},"7":{"name":"(anonymous_7)","decl":{"start":{"line":66,"column":28},"end":{"line":66,"column":29}},"loc":{"start":{"line":66,"column":44},"end":{"line":74,"column":null}},"line":66},"8":{"name":"(anonymous_8)","decl":{"start":{"line":71,"column":15},"end":{"line":71,"column":21}},"loc":{"start":{"line":71,"column":21},"end":{"line":73,"column":7}},"line":71},"9":{"name":"(anonymous_9)","decl":{"start":{"line":81,"column":63},"end":{"line":81,"column":69}},"loc":{"start":{"line":81,"column":69},"end":{"line":81,"column":99}},"line":81}},"branchMap":{"0":{"loc":{"start":{"line":36,"column":6},"end":{"line":39,"column":null}},"type":"if","locations":[{"start":{"line":36,"column":6},"end":{"line":39,"column":null}},{"start":{},"end":{}}],"line":36},"1":{"loc":{"start":{"line":36,"column":6},"end":{"line":36,"column":67}},"type":"binary-expr","locations":[{"start":{"line":36,"column":11},"end":{"line":36,"column":24}},{"start":{"line":36,"column":24},"end":{"line":36,"column":38}},{"start":{"line":36,"column":38},"end":{"line":36,"column":67}}],"line":36},"2":{"loc":{"start":{"line":84,"column":15},"end":{"line":99,"column":null}},"type":"binary-expr","locations":[{"start":{"line":84,"column":15},"end":{"line":84,"column":null}},{"start":{"line":85,"column":16},"end":{"line":99,"column":null}}],"line":84}},"s":{"0":0,"1":0,"2":0,"3":0,"4":0,"5":0,"6":0,"7":0,"8":0,"9":0,"10":0,"11":0,"12":0,"13":0,"14":0,"15":0,"16":0,"17":0,"18":0,"19":0,"20":0,"21":0,"22":0,"23":0,"24":0},"f":{"0":0,"1":0,"2":0,"3":0,"4":0,"5":0,"6":0,"7":0,"8":0,"9":0},"b":{"0":[0,0],"1":[0,0,0],"2":[0,0]},"meta":{"lastBranch":3,"lastFunction":10,"lastStatement":25,"seen":{"f:18:9:18:15":0,"s:19:36:19:Infinity":0,"s:20:42:20:Infinity":1,"s:21:50:21:Infinity":2,"s:24:2:26:Infinity":3,"f:24:12:24:18":1,"s:25:4:25:Infinity":4,"s:28:32:31:Infinity":5,"f:28:32:28:38":2,"s:29:4:29:Infinity":6,"s:30:4:30:Infinity":7,"s:34:2:43:Infinity":8,"f:34:12:34:18":3,"s:35:32:40:Infinity":9,"f:35:32:35:33":4,"b:36:6:39:Infinity:undefined:undefined:undefined:undefined":0,"s:36:6:39:Infinity":10,"b:36:11:36:24:36:24:36:38:36:38:36:67":1,"s:37:8:37:Infinity":11,"s:38:8:38:Infinity":12,"s:41:4:41:Infinity":13,"s:42:4:42:Infinity":14,"f:42:11:42:17":5,"s:42:17:42:Infinity":15,"s:45:49:64:Infinity":16,"f:46:42:46:48":6,"s:46:48:46:73":17,"s:66:28:74:Infinity":18,"f:66:28:66:29":7,"s:67:26:67:Infinity":19,"s:68:4:68:Infinity":20,"s:71:4:73:Infinity":21,"f:71:15:71:21":8,"s:72:6:72:Infinity":22,"s:76:2:105:Infinity":23,"f:81:63:81:69":9,"s:81:69:81:99":24,"b:84:15:84:Infinity:85:16:99:Infinity":2}}}
,"F:\\WinOpt\\WinOptimizerRevamp\\src\\components\\CommandPalette.tsx": {"path":"F:\\WinOpt\\WinOptimizerRevamp\\src\\components\\CommandPalette.tsx","statementMap":{"0":{"start":{"line":6,"column":24},"end":{"line":15,"column":null}},"1":{"start":{"line":7,"column":4},"end":{"line":14,"column":null}},"2":{"start":{"line":8,"column":28},"end":{"line":8,"column":null}},"3":{"start":{"line":9,"column":24},"end":{"line":9,"column":null}},"4":{"start":{"line":10,"column":24},"end":{"line":10,"column":null}},"5":{"start":{"line":11,"column":22},"end":{"line":11,"column":null}},"6":{"start":{"line":12,"column":23},"end":{"line":12,"column":null}},"7":{"start":{"line":13,"column":17},"end":{"line":13,"column":null}},"8":{"start":{"line":18,"column":38},"end":{"line":18,"column":null}},"9":{"start":{"line":19,"column":10},"end":{"line":19,"column":null}},"10":{"start":{"line":20,"column":42},"end":{"line":20,"column":null}},"11":{"start":{"line":23,"column":27},"end":{"line":43,"column":null}},"12":{"start":{"line":24,"column":22},"end":{"line":24,"column":null}},"13":{"start":{"line":26,"column":29},"end":{"line":26,"column":null}},"14":{"start":{"line":29,"column":27},"end":{"line":29,"column":null}},"15":{"start":{"line":30,"column":8},"end":{"line":32,"column":null}},"16":{"start":{"line":31,"column":12},"end":{"line":31,"column":null}},"17":{"start":{"line":33,"column":8},"end":{"line":35,"column":null}},"18":{"start":{"line":34,"column":12},"end":{"line":34,"column":null}},"19":{"start":{"line":36,"column":8},"end":{"line":38,"column":null}},"20":{"start":{"line":37,"column":12},"end":{"line":37,"column":null}},"21":{"start":{"line":40,"column":32},"end":{"line":40,"column":null}},"22":{"start":{"line":40,"column":56},"end":{"line":40,"column":83}},"23":{"start":{"line":42,"column":8},"end":{"line":42,"column":null}},"24":{"start":{"line":45,"column":4},"end":{"line":51,"column":null}},"25":{"start":{"line":46,"column":8},"end":{"line":50,"column":null}},"26":{"start":{"line":47,"column":12},"end":{"line":47,"column":null}},"27":{"start":{"line":48,"column":12},"end":{"line":48,"column":null}},"28":{"start":{"line":49,"column":12},"end":{"line":49,"column":null}},"29":{"start":{"line":49,"column":29},"end":{"line":49,"column":56}},"30":{"start":{"line":53,"column":4},"end":{"line":55,"column":null}},"31":{"start":{"line":54,"column":8},"end":{"line":54,"column":null}},"32":{"start":{"line":57,"column":4},"end":{"line":81,"column":null}},"33":{"start":{"line":58,"column":30},"end":{"line":77,"column":null}},"34":{"start":{"line":59,"column":12},"end":{"line":59,"column":null}},"35":{"start":{"line":59,"column":25},"end":{"line":59,"column":null}},"36":{"start":{"line":61,"column":12},"end":{"line":76,"column":null}},"37":{"start":{"line":62,"column":16},"end":{"line":62,"column":null}},"38":{"start":{"line":63,"column":16},"end":{"line":63,"column":null}},"39":{"start":{"line":64,"column":12},"end":{"line":76,"column":null}},"40":{"start":{"line":65,"column":16},"end":{"line":65,"column":null}},"41":{"start":{"line":66,"column":16},"end":{"line":66,"column":null}},"42":{"start":{"line":66,"column":42},"end":{"line":66,"column":93}},"43":{"start":{"line":67,"column":12},"end":{"line":76,"column":null}},"44":{"start":{"line":68,"column":16},"end":{"line":68,"column":null}},"45":{"start":{"line":69,"column":16},"end":{"line":69,"column":null}},"46":{"start":{"line":69,"column":42},"end":{"line":69,"column":69}},"47":{"start":{"line":70,"column":12},"end":{"line":76,"column":null}},"48":{"start":{"line":71,"column":16},"end":{"line":71,"column":null}},"49":{"start":{"line":72,"column":16},"end":{"line":75,"column":null}},"50":{"start":{"line":73,"column":20},"end":{"line":73,"column":null}},"51":{"start":{"line":74,"column":20},"end":{"line":74,"column":null}},"52":{"start":{"line":79,"column":8},"end":{"line":79,"column":null}},"53":{"start":{"line":80,"column":8},"end":{"line":80,"column":null}},"54":{"start":{"line":80,"column":21},"end":{"line":80,"column":null}},"55":{"start":{"line":83,"column":4},"end":{"line":198,"column":null}},"56":{"start":{"line":105,"column":44},"end":{"line":105,"column":null}},"57":{"start":{"line":116,"column":53},"end":{"line":116,"column":null}},"58":{"start":{"line":129,"column":48},"end":{"line":129,"column":null}},"59":{"start":{"line":129,"column":74},"end":{"line":129,"column":null}},"60":{"start":{"line":130,"column":48},"end":{"line":130,"column":null}},"61":{"start":{"line":131,"column":48},"end":{"line":131,"column":null}},"62":{"start":{"line":134,"column":44},"end":{"line":168,"column":null}},"63":{"start":{"line":140,"column":62},"end":{"line":140,"column":null}},"64":{"start":{"line":141,"column":52},"end":{"line":165,"column":null}},"65":{"start":{"line":145,"column":80},"end":{"line":145,"column":null}},"66":{"start":{"line":147,"column":64},"end":{"line":147,"column":null}},"67":{"start":{"line":148,"column":64},"end":{"line":148,"column":null}}},"fnMap":{"0":{"name":"(anonymous_0)","decl":{"start":{"line":6,"column":24},"end":{"line":6,"column":25}},"loc":{"start":{"line":6,"column":46},"end":{"line":15,"column":null}},"line":6},"1":{"name":"CommandPalette","decl":{"start":{"line":17,"column":16},"end":{"line":17,"column":31}},"loc":{"start":{"line":17,"column":146},"end":{"line":200,"column":null}},"line":17},"2":{"name":"(anonymous_2)","decl":{"start":{"line":23,"column":45},"end":{"line":23,"column":50}},"loc":{"start":{"line":23,"column":50},"end":{"line":43,"column":5}},"line":23},"3":{"name":"(anonymous_3)","decl":{"start":{"line":40,"column":48},"end":{"line":40,"column":56}},"loc":{"start":{"line":40,"column":56},"end":{"line":40,"column":83}},"line":40},"4":{"name":"(anonymous_4)","decl":{"start":{"line":45,"column":14},"end":{"line":45,"column":20}},"loc":{"start":{"line":45,"column":20},"end":{"line":51,"column":7}},"line":45},"5":{"name":"(anonymous_5)","decl":{"start":{"line":49,"column":23},"end":{"line":49,"column":29}},"loc":{"start":{"line":49,"column":29},"end":{"line":49,"column":56}},"line":49},"6":{"name":"(anonymous_6)","decl":{"start":{"line":53,"column":14},"end":{"line":53,"column":20}},"loc":{"start":{"line":53,"column":20},"end":{"line":55,"column":7}},"line":53},"7":{"name":"(anonymous_7)","decl":{"start":{"line":57,"column":14},"end":{"line":57,"column":20}},"loc":{"start":{"line":57,"column":20},"end":{"line":81,"column":7}},"line":57},"8":{"name":"(anonymous_8)","decl":{"start":{"line":58,"column":30},"end":{"line":58,"column":31}},"loc":{"start":{"line":58,"column":52},"end":{"line":77,"column":null}},"line":58},"9":{"name":"(anonymous_9)","decl":{"start":{"line":66,"column":33},"end":{"line":66,"column":42}},"loc":{"start":{"line":66,"column":42},"end":{"line":66,"column":93}},"line":66},"10":{"name":"(anonymous_10)","decl":{"start":{"line":69,"column":33},"end":{"line":69,"column":42}},"loc":{"start":{"line":69,"column":42},"end":{"line":69,"column":69}},"line":69},"11":{"name":"(anonymous_11)","decl":{"start":{"line":80,"column":15},"end":{"line":80,"column":21}},"loc":{"start":{"line":80,"column":21},"end":{"line":80,"column":null}},"line":80},"12":{"name":"(anonymous_12)","decl":{"start":{"line":105,"column":37},"end":{"line":105,"column":38}},"loc":{"start":{"line":105,"column":44},"end":{"line":105,"column":null}},"line":105},"13":{"name":"(anonymous_13)","decl":{"start":{"line":116,"column":46},"end":{"line":116,"column":47}},"loc":{"start":{"line":116,"column":53},"end":{"line":116,"column":null}},"line":116},"14":{"name":"(anonymous_14)","decl":{"start":{"line":128,"column":66},"end":{"line":128,"column":67}},"loc":{"start":{"line":128,"column":82},"end":{"line":132,"column":47}},"line":128},"15":{"name":"(anonymous_15)","decl":{"start":{"line":133,"column":46},"end":{"line":133,"column":47}},"loc":{"start":{"line":134,"column":44},"end":{"line":168,"column":null}},"line":134},"16":{"name":"(anonymous_16)","decl":{"start":{"line":139,"column":60},"end":{"line":139,"column":69}},"loc":{"start":{"line":139,"column":69},"end":{"line":167,"column":49}},"line":139},"17":{"name":"(anonymous_17)","decl":{"start":{"line":145,"column":74},"end":{"line":145,"column":80}},"loc":{"start":{"line":145,"column":80},"end":{"line":145,"column":null}},"line":145},"18":{"name":"(anonymous_18)","decl":{"start":{"line":146,"column":69},"end":{"line":146,"column":75}},"loc":{"start":{"line":146,"column":75},"end":{"line":149,"column":null}},"line":146}},"branchMap":{"0":{"loc":{"start":{"line":7,"column":4},"end":{"line":14,"column":null}},"type":"switch","locations":[{"start":{"line":8,"column":8},"end":{"line":8,"column":null}},{"start":{"line":9,"column":8},"end":{"line":9,"column":null}},{"start":{"line":10,"column":8},"end":{"line":10,"column":null}},{"start":{"line":11,"column":8},"end":{"line":11,"column":null}},{"start":{"line":12,"column":8},"end":{"line":12,"column":null}},{"start":{"line":13,"column":8},"end":{"line":13,"column":null}}],"line":7},"1":{"loc":{"start":{"line":30,"column":8},"end":{"line":32,"column":null}},"type":"if","locations":[{"start":{"line":30,"column":8},"end":{"line":32,"column":null}},{"start":{},"end":{}}],"line":30},"2":{"loc":{"start":{"line":30,"column":12},"end":{"line":30,"column":100}},"type":"binary-expr","locations":[{"start":{"line":30,"column":12},"end":{"line":30,"column":51}},{"start":{"line":30,"column":51},"end":{"line":30,"column":76}},{"start":{"line":30,"column":76},"end":{"line":30,"column":100}}],"line":30},"3":{"loc":{"start":{"line":33,"column":8},"end":{"line":35,"column":null}},"type":"if","locations":[{"start":{"line":33,"column":8},"end":{"line":35,"column":null}},{"start":{},"end":{}}],"line":33},"4":{"loc":{"start":{"line":33,"column":12},"end":{"line":33,"column":92}},"type":"binary-expr","locations":[{"start":{"line":33,"column":12},"end":{"line":33,"column":40}},{"start":{"line":33,"column":40},"end":{"line":33,"column":69}},{"start":{"line":33,"column":69},"end":{"line":33,"column":92}}],"line":33},"5":{"loc":{"start":{"line":36,"column":8},"end":{"line":38,"column":null}},"type":"if","locations":[{"start":{"line":36,"column":8},"end":{"line":38,"column":null}},{"start":{},"end":{}}],"line":36},"6":{"loc":{"start":{"line":36,"column":12},"end":{"line":36,"column":69}},"type":"binary-expr","locations":[{"start":{"line":36,"column":12},"end":{"line":36,"column":41}},{"start":{"line":36,"column":41},"end":{"line":36,"column":69}}],"line":36},"7":{"loc":{"start":{"line":42,"column":15},"end":{"line":42,"column":null}},"type":"binary-expr","locations":[{"start":{"line":42,"column":15},"end":{"line":42,"column":47}},{"start":{"line":42,"column":47},"end":{"line":42,"column":null}}],"line":42},"8":{"loc":{"start":{"line":46,"column":8},"end":{"line":50,"column":null}},"type":"if","locations":[{"start":{"line":46,"column":8},"end":{"line":50,"column":null}},{"start":{},"end":{}}],"line":46},"9":{"loc":{"start":{"line":59,"column":12},"end":{"line":59,"column":null}},"type":"if","locations":[{"start":{"line":59,"column":12},"end":{"line":59,"column":null}},{"start":{},"end":{}}],"line":59},"10":{"loc":{"start":{"line":61,"column":12},"end":{"line":76,"column":null}},"type":"if","locations":[{"start":{"line":61,"column":12},"end":{"line":76,"column":null}},{"start":{"line":64,"column":12},"end":{"line":76,"column":null}}],"line":61},"11":{"loc":{"start":{"line":64,"column":12},"end":{"line":76,"column":null}},"type":"if","locations":[{"start":{"line":64,"column":12},"end":{"line":76,"column":null}},{"start":{"line":67,"column":12},"end":{"line":76,"column":null}}],"line":64},"12":{"loc":{"start":{"line":66,"column":42},"end":{"line":66,"column":93}},"type":"cond-expr","locations":[{"start":{"line":66,"column":77},"end":{"line":66,"column":88}},{"start":{"line":66,"column":88},"end":{"line":66,"column":93}}],"line":66},"13":{"loc":{"start":{"line":67,"column":12},"end":{"line":76,"column":null}},"type":"if","locations":[{"start":{"line":67,"column":12},"end":{"line":76,"column":null}},{"start":{"line":70,"column":12},"end":{"line":76,"column":null}}],"line":67},"14":{"loc":{"start":{"line":69,"column":42},"end":{"line":69,"column":69}},"type":"cond-expr","locations":[{"start":{"line":69,"column":53},"end":{"line":69,"column":64}},{"start":{"line":69,"column":64},"end":{"line":69,"column":69}}],"line":69},"15":{"loc":{"start":{"line":70,"column":12},"end":{"line":76,"column":null}},"type":"if","locations":[{"start":{"line":70,"column":12},"end":{"line":76,"column":null}},{"start":{},"end":{}}],"line":70},"16":{"loc":{"start":{"line":72,"column":16},"end":{"line":75,"column":null}},"type":"if","locations":[{"start":{"line":72,"column":16},"end":{"line":75,"column":null}},{"start":{},"end":{}}],"line":72},"17":{"loc":{"start":{"line":85,"column":13},"end":{"line":196,"column":null}},"type":"binary-expr","locations":[{"start":{"line":85,"column":13},"end":{"line":85,"column":null}},{"start":{"line":86,"column":16},"end":{"line":196,"column":null}}],"line":85},"18":{"loc":{"start":{"line":125,"column":33},"end":{"line":176,"column":null}},"type":"cond-expr","locations":[{"start":{"line":126,"column":36},"end":{"line":170,"column":null}},{"start":{"line":172,"column":36},"end":{"line":176,"column":null}}],"line":125},"19":{"loc":{"start":{"line":129,"column":48},"end":{"line":129,"column":null}},"type":"if","locations":[{"start":{"line":129,"column":48},"end":{"line":129,"column":null}},{"start":{},"end":{}}],"line":129},"20":{"loc":{"start":{"line":144,"column":167},"end":{"line":144,"column":276}},"type":"cond-expr","locations":[{"start":{"line":144,"column":189},"end":{"line":144,"column":232}},{"start":{"line":144,"column":232},"end":{"line":144,"column":276}}],"line":144},"21":{"loc":{"start":{"line":152,"column":109},"end":{"line":152,"column":165}},"type":"cond-expr","locations":[{"start":{"line":152,"column":131},"end":{"line":152,"column":148}},{"start":{"line":152,"column":148},"end":{"line":152,"column":165}}],"line":152},"22":{"loc":{"start":{"line":159,"column":61},"end":{"line":163,"column":null}},"type":"binary-expr","locations":[{"start":{"line":159,"column":61},"end":{"line":159,"column":null}},{"start":{"line":160,"column":64},"end":{"line":163,"column":null}}],"line":159}},"s":{"0":1,"1":184,"2":50,"3":34,"4":26,"5":18,"6":34,"7":22,"8":91,"9":91,"10":91,"11":91,"12":11011,"13":11011,"14":11011,"15":11011,"16":0,"17":11011,"18":0,"19":11011,"20":0,"21":11011,"22":0,"23":11011,"24":91,"25":7,"26":6,"27":6,"28":6,"29":6,"30":91,"31":49,"32":91,"33":49,"34":44,"35":0,"36":44,"37":1,"38":1,"39":43,"40":0,"41":0,"42":0,"43":43,"44":0,"45":0,"46":0,"47":43,"48":1,"49":1,"50":1,"51":1,"52":49,"53":49,"54":49,"55":91,"56":4,"57":42,"58":292,"59":184,"60":292,"61":292,"62":184,"63":292,"64":292,"65":0,"66":0,"67":0},"f":{"0":184,"1":91,"2":11011,"3":0,"4":7,"5":6,"6":49,"7":49,"8":44,"9":0,"10":0,"11":49,"12":4,"13":42,"14":292,"15":184,"16":292,"17":0,"18":0},"b":{"0":[50,34,26,18,34,22],"1":[0,11011],"2":[11011,11011,11011],"3":[0,11011],"4":[11011,11011,11011],"5":[0,11011],"6":[11011,11011],"7":[11011,8054],"8":[6,1],"9":[0,44],"10":[1,43],"11":[0,43],"12":[0,0],"13":[0,43],"14":[0,0],"15":[1,42],"16":[1,0],"17":[91,90],"18":[52,38],"19":[184,108],"20":[52,240],"21":[52,240],"22":[292,52]},"meta":{"lastBranch":23,"lastFunction":19,"lastStatement":68,"seen":{"s:6:24:15:Infinity":0,"f:6:24:6:25":0,"b:8:8:8:Infinity:9:8:9:Infinity:10:8:10:Infinity:11:8:11:Infinity:12:8:12:Infinity:13:8:13:Infinity":0,"s:7:4:14:Infinity":1,"s:8:28:8:Infinity":2,"s:9:24:9:Infinity":3,"s:10:24:10:Infinity":4,"s:11:22:11:Infinity":5,"s:12:23:12:Infinity":6,"s:13:17:13:Infinity":7,"f:17:16:17:31":1,"s:18:38:18:Infinity":8,"s:19:10:19:Infinity":9,"s:20:42:20:Infinity":10,"s:23:27:43:Infinity":11,"f:23:45:23:50":2,"s:24:22:24:Infinity":12,"s:26:29:26:Infinity":13,"s:29:27:29:Infinity":14,"b:30:8:32:Infinity:undefined:undefined:undefined:undefined":1,"s:30:8:32:Infinity":15,"b:30:12:30:51:30:51:30:76:30:76:30:100":2,"s:31:12:31:Infinity":16,"b:33:8:35:Infinity:undefined:undefined:undefined:undefined":3,"s:33:8:35:Infinity":17,"b:33:12:33:40:33:40:33:69:33:69:33:92":4,"s:34:12:34:Infinity":18,"b:36:8:38:Infinity:undefined:undefined:undefined:undefined":5,"s:36:8:38:Infinity":19,"b:36:12:36:41:36:41:36:69":6,"s:37:12:37:Infinity":20,"s:40:32:40:Infinity":21,"f:40:48:40:56":3,"s:40:56:40:83":22,"s:42:8:42:Infinity":23,"b:42:15:42:47:42:47:42:Infinity":7,"s:45:4:51:Infinity":24,"f:45:14:45:20":4,"b:46:8:50:Infinity:undefined:undefined:undefined:undefined":8,"s:46:8:50:Infinity":25,"s:47:12:47:Infinity":26,"s:48:12:48:Infinity":27,"s:49:12:49:Infinity":28,"f:49:23:49:29":5,"s:49:29:49:56":29,"s:53:4:55:Infinity":30,"f:53:14:53:20":6,"s:54:8:54:Infinity":31,"s:57:4:81:Infinity":32,"f:57:14:57:20":7,"s:58:30:77:Infinity":33,"f:58:30:58:31":8,"b:59:12:59:Infinity:undefined:undefined:undefined:undefined":9,"s:59:12:59:Infinity":34,"s:59:25:59:Infinity":35,"b:61:12:76:Infinity:64:12:76:Infinity":10,"s:61:12:76:Infinity":36,"s:62:16:62:Infinity":37,"s:63:16:63:Infinity":38,"b:64:12:76:Infinity:67:12:76:Infinity":11,"s:64:12:76:Infinity":39,"s:65:16:65:Infinity":40,"s:66:16:66:Infinity":41,"f:66:33:66:42":9,"s:66:42:66:93":42,"b:66:77:66:88:66:88:66:93":12,"b:67:12:76:Infinity:70:12:76:Infinity":13,"s:67:12:76:Infinity":43,"s:68:16:68:Infinity":44,"s:69:16:69:Infinity":45,"f:69:33:69:42":10,"s:69:42:69:69":46,"b:69:53:69:64:69:64:69:69":14,"b:70:12:76:Infinity:undefined:undefined:undefined:undefined":15,"s:70:12:76:Infinity":47,"s:71:16:71:Infinity":48,"b:72:16:75:Infinity:undefined:undefined:undefined:undefined":16,"s:72:16:75:Infinity":49,"s:73:20:73:Infinity":50,"s:74:20:74:Infinity":51,"s:79:8:79:Infinity":52,"s:80:8:80:Infinity":53,"f:80:15:80:21":11,"s:80:21:80:Infinity":54,"s:83:4:198:Infinity":55,"b:85:13:85:Infinity:86:16:196:Infinity":17,"f:105:37:105:38":12,"s:105:44:105:Infinity":56,"f:116:46:116:47":13,"s:116:53:116:Infinity":57,"b:126:36:170:Infinity:172:36:176:Infinity":18,"f:128:66:128:67":14,"b:129:48:129:Infinity:undefined:undefined:undefined:undefined":19,"s:129:48:129:Infinity":58,"s:129:74:129:Infinity":59,"s:130:48:130:Infinity":60,"s:131:48:131:Infinity":61,"f:133:46:133:47":15,"s:134:44:168:Infinity":62,"f:139:60:139:69":16,"s:140:62:140:Infinity":63,"s:141:52:165:Infinity":64,"b:144:189:144:232:144:232:144:276":20,"f:145:74:145:80":17,"s:145:80:145:Infinity":65,"f:146:69:146:75":18,"s:147:64:147:Infinity":66,"s:148:64:148:Infinity":67,"b:152:131:152:148:152:148:152:165":21,"b:159:61:159:Infinity:160:64:163:Infinity":22}}}
,"F:\\WinOpt\\WinOptimizerRevamp\\src\\components\\ConfirmDeployModal.tsx": {"path":"F:\\WinOpt\\WinOptimizerRevamp\\src\\components\\ConfirmDeployModal.tsx","statementMap":{"0":{"start":{"line":20,"column":18},"end":{"line":32,"column":null}},"1":{"start":{"line":21,"column":77},"end":{"line":25,"column":null}},"2":{"start":{"line":26,"column":14},"end":{"line":26,"column":null}},"3":{"start":{"line":27,"column":4},"end":{"line":30,"column":null}},"4":{"start":{"line":41,"column":4},"end":{"line":41,"column":null}},"5":{"start":{"line":41,"column":17},"end":{"line":41,"column":null}},"6":{"start":{"line":43,"column":23},"end":{"line":49,"column":null}},"7":{"start":{"line":45,"column":12},"end":{"line":45,"column":null}},"8":{"start":{"line":46,"column":12},"end":{"line":46,"column":null}},"9":{"start":{"line":51,"column":10},"end":{"line":51,"column":null}},"10":{"start":{"line":52,"column":10},"end":{"line":52,"column":null}},"11":{"start":{"line":54,"column":4},"end":{"line":180,"column":null}},"12":{"start":{"line":118,"column":36},"end":{"line":129,"column":null}}},"fnMap":{"0":{"name":"(anonymous_0)","decl":{"start":{"line":20,"column":18},"end":{"line":20,"column":19}},"loc":{"start":{"line":20,"column":37},"end":{"line":32,"column":null}},"line":20},"1":{"name":"ConfirmDeployModal","decl":{"start":{"line":34,"column":16},"end":{"line":34,"column":35}},"loc":{"start":{"line":40,"column":28},"end":{"line":182,"column":null}},"line":40},"2":{"name":"(anonymous_2)","decl":{"start":{"line":44,"column":8},"end":{"line":44,"column":9}},"loc":{"start":{"line":44,"column":20},"end":{"line":47,"column":null}},"line":44},"3":{"name":"(anonymous_3)","decl":{"start":{"line":117,"column":44},"end":{"line":117,"column":45}},"loc":{"start":{"line":118,"column":36},"end":{"line":129,"column":null}},"line":118}},"branchMap":{"0":{"loc":{"start":{"line":26,"column":14},"end":{"line":26,"column":null}},"type":"binary-expr","locations":[{"start":{"line":26,"column":14},"end":{"line":26,"column":28}},{"start":{"line":26,"column":28},"end":{"line":26,"column":null}}],"line":26},"1":{"loc":{"start":{"line":39,"column":4},"end":{"line":39,"column":null}},"type":"default-arg","locations":[{"start":{"line":39,"column":18},"end":{"line":39,"column":null}}],"line":39},"2":{"loc":{"start":{"line":41,"column":4},"end":{"line":41,"column":null}},"type":"if","locations":[{"start":{"line":41,"column":4},"end":{"line":41,"column":null}},{"start":{},"end":{}}],"line":41},"3":{"loc":{"start":{"line":45,"column":32},"end":{"line":45,"column":57}},"type":"binary-expr","locations":[{"start":{"line":45,"column":32},"end":{"line":45,"column":52}},{"start":{"line":45,"column":52},"end":{"line":45,"column":57}}],"line":45},"4":{"loc":{"start":{"line":51,"column":20},"end":{"line":51,"column":46}},"type":"binary-expr","locations":[{"start":{"line":51,"column":20},"end":{"line":51,"column":41}},{"start":{"line":51,"column":41},"end":{"line":51,"column":46}}],"line":51},"5":{"loc":{"start":{"line":52,"column":23},"end":{"line":52,"column":52}},"type":"binary-expr","locations":[{"start":{"line":52,"column":23},"end":{"line":52,"column":47}},{"start":{"line":52,"column":47},"end":{"line":52,"column":52}}],"line":52},"6":{"loc":{"start":{"line":56,"column":13},"end":{"line":178,"column":null}},"type":"binary-expr","locations":[{"start":{"line":56,"column":13},"end":{"line":56,"column":null}},{"start":{"line":57,"column":16},"end":{"line":178,"column":null}}],"line":56},"7":{"loc":{"start":{"line":83,"column":66},"end":{"line":83,"column":97}},"type":"cond-expr","locations":[{"start":{"line":83,"column":88},"end":{"line":83,"column":94}},{"start":{"line":83,"column":94},"end":{"line":83,"column":97}}],"line":83},"8":{"loc":{"start":{"line":93,"column":28},"end":{"line":112,"column":null}},"type":"binary-expr","locations":[{"start":{"line":96,"column":30},"end":{"line":96,"column":40}},{"start":{"line":96,"column":40},"end":{"line":96,"column":null}},{"start":{"line":97,"column":32},"end":{"line":112,"column":null}}],"line":93},"9":{"loc":{"start":{"line":98,"column":105},"end":{"line":100,"column":null}},"type":"cond-expr","locations":[{"start":{"line":99,"column":46},"end":{"line":99,"column":null}},{"start":{"line":100,"column":46},"end":{"line":100,"column":null}}],"line":98},"10":{"loc":{"start":{"line":104,"column":78},"end":{"line":104,"column":null}},"type":"cond-expr","locations":[{"start":{"line":104,"column":87},"end":{"line":104,"column":104}},{"start":{"line":104,"column":104},"end":{"line":104,"column":null}}],"line":104},"11":{"loc":{"start":{"line":108,"column":41},"end":{"line":110,"column":null}},"type":"cond-expr","locations":[{"start":{"line":109,"column":46},"end":{"line":109,"column":null}},{"start":{"line":110,"column":46},"end":{"line":110,"column":null}}],"line":108},"12":{"loc":{"start":{"line":136,"column":37},"end":{"line":139,"column":null}},"type":"binary-expr","locations":[{"start":{"line":136,"column":37},"end":{"line":136,"column":null}},{"start":{"line":137,"column":40},"end":{"line":139,"column":null}}],"line":136},"13":{"loc":{"start":{"line":141,"column":37},"end":{"line":144,"column":null}},"type":"binary-expr","locations":[{"start":{"line":141,"column":37},"end":{"line":141,"column":null}},{"start":{"line":142,"column":40},"end":{"line":144,"column":null}}],"line":141},"14":{"loc":{"start":{"line":146,"column":37},"end":{"line":149,"column":null}},"type":"binary-expr","locations":[{"start":{"line":146,"column":37},"end":{"line":146,"column":null}},{"start":{"line":147,"column":40},"end":{"line":149,"column":null}}],"line":146},"15":{"loc":{"start":{"line":165,"column":41},"end":{"line":171,"column":null}},"type":"cond-expr","locations":[{"start":{"line":166,"column":44},"end":{"line":169,"column":null}},{"start":{"line":171,"column":44},"end":{"line":171,"column":null}}],"line":165}},"s":{"0":2,"1":243,"2":243,"3":243,"4":56,"5":53,"6":3,"7":243,"8":243,"9":3,"10":56,"11":56,"12":243},"f":{"0":243,"1":56,"2":243,"3":243},"b":{"0":[243,0],"1":[56],"2":[53,3],"3":[243,3],"4":[3,3],"5":[56,3],"6":[56,3],"7":[3,0],"8":[3,3,0],"9":[0,0],"10":[0,0],"11":[0,0],"12":[3,3],"13":[3,0],"14":[3,0],"15":[0,3]},"meta":{"lastBranch":16,"lastFunction":4,"lastStatement":13,"seen":{"s:20:18:32:Infinity":0,"f:20:18:20:19":0,"s:21:77:25:Infinity":1,"s:26:14:26:Infinity":2,"b:26:14:26:28:26:28:26:Infinity":0,"s:27:4:30:Infinity":3,"f:34:16:34:35":1,"b:39:18:39:Infinity":1,"b:41:4:41:Infinity:undefined:undefined:undefined:undefined":2,"s:41:4:41:Infinity":4,"s:41:17:41:Infinity":5,"s:43:23:49:Infinity":6,"f:44:8:44:9":2,"s:45:12:45:Infinity":7,"b:45:32:45:52:45:52:45:57":3,"s:46:12:46:Infinity":8,"s:51:10:51:Infinity":9,"b:51:20:51:41:51:41:51:46":4,"s:52:10:52:Infinity":10,"b:52:23:52:47:52:47:52:52":5,"s:54:4:180:Infinity":11,"b:56:13:56:Infinity:57:16:178:Infinity":6,"b:83:88:83:94:83:94:83:97":7,"b:96:30:96:40:96:40:96:Infinity:97:32:112:Infinity":8,"b:99:46:99:Infinity:100:46:100:Infinity":9,"b:104:87:104:104:104:104:104:Infinity":10,"b:109:46:109:Infinity:110:46:110:Infinity":11,"f:117:44:117:45":3,"s:118:36:129:Infinity":12,"b:136:37:136:Infinity:137:40:139:Infinity":12,"b:141:37:141:Infinity:142:40:144:Infinity":13,"b:146:37:146:Infinity:147:40:149:Infinity":14,"b:166:44:169:Infinity:171:44:171:Infinity":15}}}
,"F:\\WinOpt\\WinOptimizerRevamp\\src\\components\\ErrorBoundary.tsx": {"path":"F:\\WinOpt\\WinOptimizerRevamp\\src\\components\\ErrorBoundary.tsx","statementMap":{"0":{"start":{"line":35,"column":18},"end":{"line":37,"column":null}},"1":{"start":{"line":23,"column":8},"end":{"line":23,"column":null}},"2":{"start":{"line":24,"column":8},"end":{"line":24,"column":null}},"3":{"start":{"line":28,"column":8},"end":{"line":28,"column":null}},"4":{"start":{"line":32,"column":8},"end":{"line":32,"column":null}},"5":{"start":{"line":36,"column":8},"end":{"line":36,"column":null}},"6":{"start":{"line":40,"column":8},"end":{"line":68,"column":null}},"7":{"start":{"line":41,"column":12},"end":{"line":41,"column":null}},"8":{"start":{"line":41,"column":37},"end":{"line":41,"column":null}},"9":{"start":{"line":43,"column":12},"end":{"line":66,"column":null}},"10":{"start":{"line":70,"column":8},"end":{"line":70,"column":null}}},"fnMap":{"0":{"name":"(anonymous_0)","decl":{"start":{"line":22,"column":4},"end":{"line":22,"column":16}},"loc":{"start":{"line":22,"column":43},"end":{"line":25,"column":null}},"line":22},"1":{"name":"(anonymous_1)","decl":{"start":{"line":27,"column":11},"end":{"line":27,"column":36}},"loc":{"start":{"line":27,"column":50},"end":{"line":29,"column":null}},"line":27},"2":{"name":"(anonymous_2)","decl":{"start":{"line":31,"column":4},"end":{"line":31,"column":22}},"loc":{"start":{"line":31,"column":64},"end":{"line":33,"column":null}},"line":31},"3":{"name":"(anonymous_3)","decl":{"start":{"line":35,"column":18},"end":{"line":35,"column":24}},"loc":{"start":{"line":35,"column":24},"end":{"line":37,"column":null}},"line":35},"4":{"name":"(anonymous_4)","decl":{"start":{"line":39,"column":4},"end":{"line":39,"column":13}},"loc":{"start":{"line":39,"column":13},"end":{"line":71,"column":null}},"line":39}},"branchMap":{"0":{"loc":{"start":{"line":40,"column":8},"end":{"line":68,"column":null}},"type":"if","locations":[{"start":{"line":40,"column":8},"end":{"line":68,"column":null}},{"start":{},"end":{}}],"line":40},"1":{"loc":{"start":{"line":41,"column":12},"end":{"line":41,"column":null}},"type":"if","locations":[{"start":{"line":41,"column":12},"end":{"line":41,"column":null}},{"start":{},"end":{}}],"line":41},"2":{"loc":{"start":{"line":54,"column":21},"end":{"line":57,"column":null}},"type":"binary-expr","locations":[{"start":{"line":54,"column":21},"end":{"line":54,"column":null}},{"start":{"line":55,"column":24},"end":{"line":57,"column":null}}],"line":54}},"s":{"0":0,"1":0,"2":0,"3":0,"4":0,"5":0,"6":0,"7":0,"8":0,"9":0,"10":0},"f":{"0":0,"1":0,"2":0,"3":0,"4":0},"b":{"0":[0,0],"1":[0,0],"2":[0,0]},"meta":{"lastBranch":3,"lastFunction":5,"lastStatement":11,"seen":{"s:35:18:37:Infinity":0,"f:22:4:22:16":0,"s:23:8:23:Infinity":1,"s:24:8:24:Infinity":2,"f:27:11:27:36":1,"s:28:8:28:Infinity":3,"f:31:4:31:22":2,"s:32:8:32:Infinity":4,"f:35:18:35:24":3,"s:36:8:36:Infinity":5,"f:39:4:39:13":4,"b:40:8:68:Infinity:undefined:undefined:undefined:undefined":0,"s:40:8:68:Infinity":6,"b:41:12:41:Infinity:undefined:undefined:undefined:undefined":1,"s:41:12:41:Infinity":7,"s:41:37:41:Infinity":8,"s:43:12:66:Infinity":9,"b:54:21:54:Infinity:55:24:57:Infinity":2,"s:70:8:70:Infinity":10}}}
,"F:\\WinOpt\\WinOptimizerRevamp\\src\\components\\ExpertModeGate.tsx": {"path":"F:\\WinOpt\\WinOptimizerRevamp\\src\\components\\ExpertModeGate.tsx","statementMap":{"0":{"start":{"line":19,"column":10},"end":{"line":19,"column":null}},"1":{"start":{"line":19,"column":42},"end":{"line":19,"column":74}},"2":{"start":{"line":20,"column":10},"end":{"line":20,"column":null}},"3":{"start":{"line":20,"column":46},"end":{"line":20,"column":62}},"4":{"start":{"line":21,"column":38},"end":{"line":21,"column":null}},"5":{"start":{"line":23,"column":4},"end":{"line":25,"column":null}},"6":{"start":{"line":24,"column":8},"end":{"line":24,"column":null}},"7":{"start":{"line":27,"column":4},"end":{"line":29,"column":null}},"8":{"start":{"line":28,"column":8},"end":{"line":28,"column":null}},"9":{"start":{"line":31,"column":4},"end":{"line":109,"column":null}},"10":{"start":{"line":49,"column":35},"end":{"line":49,"column":null}},"11":{"start":{"line":65,"column":39},"end":{"line":65,"column":null}},"12":{"start":{"line":79,"column":55},"end":{"line":79,"column":78}},"13":{"start":{"line":94,"column":55},"end":{"line":94,"column":78}},"14":{"start":{"line":98,"column":53},"end":{"line":98,"column":98}},"15":{"start":{"line":98,"column":98},"end":{"line":98,"column":121}}},"fnMap":{"0":{"name":"ExpertModeGate","decl":{"start":{"line":18,"column":16},"end":{"line":18,"column":31}},"loc":{"start":{"line":18,"column":99},"end":{"line":111,"column":null}},"line":18},"1":{"name":"(anonymous_1)","decl":{"start":{"line":19,"column":35},"end":{"line":19,"column":36}},"loc":{"start":{"line":19,"column":42},"end":{"line":19,"column":74}},"line":19},"2":{"name":"(anonymous_2)","decl":{"start":{"line":20,"column":39},"end":{"line":20,"column":40}},"loc":{"start":{"line":20,"column":46},"end":{"line":20,"column":62}},"line":20},"3":{"name":"(anonymous_3)","decl":{"start":{"line":49,"column":29},"end":{"line":49,"column":35}},"loc":{"start":{"line":49,"column":35},"end":{"line":49,"column":null}},"line":49},"4":{"name":"(anonymous_4)","decl":{"start":{"line":65,"column":33},"end":{"line":65,"column":39}},"loc":{"start":{"line":65,"column":39},"end":{"line":65,"column":null}},"line":65},"5":{"name":"(anonymous_5)","decl":{"start":{"line":79,"column":49},"end":{"line":79,"column":55}},"loc":{"start":{"line":79,"column":55},"end":{"line":79,"column":78}},"line":79},"6":{"name":"(anonymous_6)","decl":{"start":{"line":94,"column":49},"end":{"line":94,"column":55}},"loc":{"start":{"line":94,"column":55},"end":{"line":94,"column":78}},"line":94},"7":{"name":"(anonymous_7)","decl":{"start":{"line":98,"column":45},"end":{"line":98,"column":51}},"loc":{"start":{"line":98,"column":51},"end":{"line":98,"column":null}},"line":98}},"branchMap":{"0":{"loc":{"start":{"line":18,"column":52},"end":{"line":18,"column":75}},"type":"default-arg","locations":[{"start":{"line":18,"column":69},"end":{"line":18,"column":75}}],"line":18},"1":{"loc":{"start":{"line":23,"column":4},"end":{"line":25,"column":null}},"type":"if","locations":[{"start":{"line":23,"column":4},"end":{"line":25,"column":null}},{"start":{},"end":{}}],"line":23},"2":{"loc":{"start":{"line":27,"column":4},"end":{"line":29,"column":null}},"type":"if","locations":[{"start":{"line":27,"column":4},"end":{"line":29,"column":null}},{"start":{},"end":{}}],"line":27},"3":{"loc":{"start":{"line":46,"column":21},"end":{"line":46,"column":null}},"type":"binary-expr","locations":[{"start":{"line":46,"column":21},"end":{"line":46,"column":32}},{"start":{"line":46,"column":32},"end":{"line":46,"column":null}}],"line":46},"4":{"loc":{"start":{"line":60,"column":13},"end":{"line":106,"column":null}},"type":"binary-expr","locations":[{"start":{"line":60,"column":13},"end":{"line":60,"column":null}},{"start":{"line":61,"column":16},"end":{"line":106,"column":null}}],"line":60}},"s":{"0":0,"1":0,"2":0,"3":0,"4":0,"5":0,"6":0,"7":0,"8":0,"9":0,"10":0,"11":0,"12":0,"13":0,"14":0,"15":0},"f":{"0":0,"1":0,"2":0,"3":0,"4":0,"5":0,"6":0,"7":0},"b":{"0":[0],"1":[0,0],"2":[0,0],"3":[0,0],"4":[0,0]},"meta":{"lastBranch":5,"lastFunction":8,"lastStatement":16,"seen":{"f:18:16:18:31":0,"b:18:69:18:75":0,"s:19:10:19:Infinity":0,"f:19:35:19:36":1,"s:19:42:19:74":1,"s:20:10:20:Infinity":2,"f:20:39:20:40":2,"s:20:46:20:62":3,"s:21:38:21:Infinity":4,"b:23:4:25:Infinity:undefined:undefined:undefined:undefined":1,"s:23:4:25:Infinity":5,"s:24:8:24:Infinity":6,"b:27:4:29:Infinity:undefined:undefined:undefined:undefined":2,"s:27:4:29:Infinity":7,"s:28:8:28:Infinity":8,"s:31:4:109:Infinity":9,"b:46:21:46:32:46:32:46:Infinity":3,"f:49:29:49:35":3,"s:49:35:49:Infinity":10,"b:60:13:60:Infinity:61:16:106:Infinity":4,"f:65:33:65:39":4,"s:65:39:65:Infinity":11,"f:79:49:79:55":5,"s:79:55:79:78":12,"f:94:49:94:55":6,"s:94:55:94:78":13,"f:98:45:98:51":7,"s:98:53:98:98":14,"s:98:98:98:121":15}}}
,"F:\\WinOpt\\WinOptimizerRevamp\\src\\components\\OnboardingModal.tsx": {"path":"F:\\WinOpt\\WinOptimizerRevamp\\src\\components\\OnboardingModal.tsx","statementMap":{"0":{"start":{"line":5,"column":14},"end":{"line":177,"column":null}},"1":{"start":{"line":27,"column":28},"end":{"line":33,"column":null}},"2":{"start":{"line":44,"column":24},"end":{"line":48,"column":null}},"3":{"start":{"line":79,"column":24},"end":{"line":81,"column":null}},"4":{"start":{"line":91,"column":20},"end":{"line":99,"column":null}},"5":{"start":{"line":137,"column":28},"end":{"line":137,"column":null}},"6":{"start":{"line":160,"column":28},"end":{"line":160,"column":null}},"7":{"start":{"line":180,"column":38},"end":{"line":180,"column":null}},"8":{"start":{"line":182,"column":4},"end":{"line":182,"column":null}},"9":{"start":{"line":182,"column":17},"end":{"line":182,"column":null}},"10":{"start":{"line":184,"column":23},"end":{"line":190,"column":null}},"11":{"start":{"line":185,"column":8},"end":{"line":189,"column":null}},"12":{"start":{"line":186,"column":12},"end":{"line":186,"column":null}},"13":{"start":{"line":186,"column":35},"end":{"line":186,"column":43}},"14":{"start":{"line":188,"column":12},"end":{"line":188,"column":null}},"15":{"start":{"line":192,"column":24},"end":{"line":192,"column":null}},"16":{"start":{"line":194,"column":4},"end":{"line":289,"column":null}},"17":{"start":{"line":265,"column":44},"end":{"line":269,"column":null}},"18":{"start":{"line":267,"column":63},"end":{"line":267,"column":null}}},"fnMap":{"0":{"name":"(anonymous_0)","decl":{"start":{"line":26,"column":30},"end":{"line":26,"column":null}},"loc":{"start":{"line":27,"column":28},"end":{"line":33,"column":null}},"line":27},"1":{"name":"(anonymous_1)","decl":{"start":{"line":43,"column":26},"end":{"line":43,"column":27}},"loc":{"start":{"line":44,"column":24},"end":{"line":48,"column":null}},"line":44},"2":{"name":"(anonymous_2)","decl":{"start":{"line":78,"column":26},"end":{"line":78,"column":null}},"loc":{"start":{"line":79,"column":24},"end":{"line":81,"column":null}},"line":79},"3":{"name":"(anonymous_3)","decl":{"start":{"line":90,"column":22},"end":{"line":90,"column":23}},"loc":{"start":{"line":91,"column":20},"end":{"line":99,"column":null}},"line":91},"4":{"name":"(anonymous_4)","decl":{"start":{"line":136,"column":42},"end":{"line":136,"column":43}},"loc":{"start":{"line":137,"column":28},"end":{"line":137,"column":null}},"line":137},"5":{"name":"(anonymous_5)","decl":{"start":{"line":159,"column":79},"end":{"line":159,"column":80}},"loc":{"start":{"line":160,"column":28},"end":{"line":160,"column":null}},"line":160},"6":{"name":"OnboardingModal","decl":{"start":{"line":179,"column":16},"end":{"line":179,"column":32}},"loc":{"start":{"line":179,"column":95},"end":{"line":291,"column":null}},"line":179},"7":{"name":"(anonymous_7)","decl":{"start":{"line":184,"column":23},"end":{"line":184,"column":29}},"loc":{"start":{"line":184,"column":29},"end":{"line":190,"column":null}},"line":184},"8":{"name":"(anonymous_8)","decl":{"start":{"line":186,"column":27},"end":{"line":186,"column":35}},"loc":{"start":{"line":186,"column":35},"end":{"line":186,"column":43}},"line":186},"9":{"name":"(anonymous_9)","decl":{"start":{"line":264,"column":51},"end":{"line":264,"column":52}},"loc":{"start":{"line":265,"column":44},"end":{"line":269,"column":null}},"line":265},"10":{"name":"(anonymous_10)","decl":{"start":{"line":267,"column":57},"end":{"line":267,"column":63}},"loc":{"start":{"line":267,"column":63},"end":{"line":267,"column":null}},"line":267}},"branchMap":{"0":{"loc":{"start":{"line":96,"column":51},"end":{"line":96,"column":91}},"type":"cond-expr","locations":[{"start":{"line":96,"column":61},"end":{"line":96,"column":77}},{"start":{"line":96,"column":77},"end":{"line":96,"column":91}}],"line":96},"1":{"loc":{"start":{"line":96,"column":113},"end":{"line":96,"column":154}},"type":"cond-expr","locations":[{"start":{"line":96,"column":123},"end":{"line":96,"column":139}},{"start":{"line":96,"column":139},"end":{"line":96,"column":154}}],"line":96},"2":{"loc":{"start":{"line":182,"column":4},"end":{"line":182,"column":null}},"type":"if","locations":[{"start":{"line":182,"column":4},"end":{"line":182,"column":null}},{"start":{},"end":{}}],"line":182},"3":{"loc":{"start":{"line":185,"column":8},"end":{"line":189,"column":null}},"type":"if","locations":[{"start":{"line":185,"column":8},"end":{"line":189,"column":null}},{"start":{"line":187,"column":15},"end":{"line":189,"column":null}}],"line":185},"4":{"loc":{"start":{"line":268,"column":109},"end":{"line":268,"column":225}},"type":"cond-expr","locations":[{"start":{"line":268,"column":129},"end":{"line":268,"column":148}},{"start":{"line":268,"column":148},"end":{"line":268,"column":225}}],"line":268},"5":{"loc":{"start":{"line":278,"column":37},"end":{"line":281,"column":null}},"type":"cond-expr","locations":[{"start":{"line":279,"column":40},"end":{"line":279,"column":null}},{"start":{"line":281,"column":40},"end":{"line":281,"column":null}}],"line":278}},"s":{"0":1,"1":2,"2":2,"3":3,"4":3,"5":3,"6":3,"7":14,"8":14,"9":1,"10":13,"11":6,"12":5,"13":5,"14":1,"15":13,"16":13,"17":39,"18":1},"f":{"0":2,"1":2,"2":3,"3":3,"4":3,"5":3,"6":14,"7":6,"8":5,"9":39,"10":1},"b":{"0":[2,1],"1":[2,1],"2":[1,13],"3":[5,1],"4":[13,26],"5":[3,10]},"meta":{"lastBranch":6,"lastFunction":11,"lastStatement":19,"seen":{"s:5:14:177:Infinity":0,"f:26:30:26:Infinity":0,"s:27:28:33:Infinity":1,"f:43:26:43:27":1,"s:44:24:48:Infinity":2,"f:78:26:78:Infinity":2,"s:79:24:81:Infinity":3,"f:90:22:90:23":3,"s:91:20:99:Infinity":4,"b:96:61:96:77:96:77:96:91":0,"b:96:123:96:139:96:139:96:154":1,"f:136:42:136:43":4,"s:137:28:137:Infinity":5,"f:159:79:159:80":5,"s:160:28:160:Infinity":6,"f:179:16:179:32":6,"s:180:38:180:Infinity":7,"b:182:4:182:Infinity:undefined:undefined:undefined:undefined":2,"s:182:4:182:Infinity":8,"s:182:17:182:Infinity":9,"s:184:23:190:Infinity":10,"f:184:23:184:29":7,"b:185:8:189:Infinity:187:15:189:Infinity":3,"s:185:8:189:Infinity":11,"s:186:12:186:Infinity":12,"f:186:27:186:35":8,"s:186:35:186:43":13,"s:188:12:188:Infinity":14,"s:192:24:192:Infinity":15,"s:194:4:289:Infinity":16,"f:264:51:264:52":9,"s:265:44:269:Infinity":17,"f:267:57:267:63":10,"s:267:63:267:Infinity":18,"b:268:129:268:148:268:148:268:225":4,"b:279:40:279:Infinity:281:40:281:Infinity":5}}}
,"F:\\WinOpt\\WinOptimizerRevamp\\src\\components\\ProgressModal.tsx": {"path":"F:\\WinOpt\\WinOptimizerRevamp\\src\\components\\ProgressModal.tsx","statementMap":{"0":{"start":{"line":23,"column":19},"end":{"line":34,"column":null}},"1":{"start":{"line":24,"column":4},"end":{"line":33,"column":null}},"2":{"start":{"line":26,"column":12},"end":{"line":26,"column":null}},"3":{"start":{"line":28,"column":12},"end":{"line":28,"column":null}},"4":{"start":{"line":30,"column":12},"end":{"line":30,"column":null}},"5":{"start":{"line":32,"column":12},"end":{"line":32,"column":null}},"6":{"start":{"line":44,"column":22},"end":{"line":44,"column":null}},"7":{"start":{"line":44,"column":42},"end":{"line":44,"column":64}},"8":{"start":{"line":45,"column":19},"end":{"line":45,"column":null}},"9":{"start":{"line":45,"column":39},"end":{"line":45,"column":60}},"10":{"start":{"line":46,"column":18},"end":{"line":46,"column":null}},"11":{"start":{"line":47,"column":20},"end":{"line":47,"column":null}},"12":{"start":{"line":47,"column":39},"end":{"line":47,"column":86}},"13":{"start":{"line":48,"column":24},"end":{"line":48,"column":null}},"14":{"start":{"line":50,"column":4},"end":{"line":178,"column":null}},"15":{"start":{"line":108,"column":36},"end":{"line":135,"column":null}}},"fnMap":{"0":{"name":"(anonymous_0)","decl":{"start":{"line":23,"column":19},"end":{"line":23,"column":20}},"loc":{"start":{"line":23,"column":43},"end":{"line":34,"column":null}},"line":23},"1":{"name":"ProgressModal","decl":{"start":{"line":36,"column":16},"end":{"line":36,"column":30}},"loc":{"start":{"line":43,"column":23},"end":{"line":180,"column":null}},"line":43},"2":{"name":"(anonymous_2)","decl":{"start":{"line":44,"column":35},"end":{"line":44,"column":36}},"loc":{"start":{"line":44,"column":42},"end":{"line":44,"column":64}},"line":44},"3":{"name":"(anonymous_3)","decl":{"start":{"line":45,"column":32},"end":{"line":45,"column":33}},"loc":{"start":{"line":45,"column":39},"end":{"line":45,"column":60}},"line":45},"4":{"name":"(anonymous_4)","decl":{"start":{"line":47,"column":32},"end":{"line":47,"column":33}},"loc":{"start":{"line":47,"column":39},"end":{"line":47,"column":86}},"line":47},"5":{"name":"(anonymous_5)","decl":{"start":{"line":107,"column":43},"end":{"line":107,"column":44}},"loc":{"start":{"line":108,"column":36},"end":{"line":135,"column":null}},"line":108}},"branchMap":{"0":{"loc":{"start":{"line":24,"column":4},"end":{"line":33,"column":null}},"type":"switch","locations":[{"start":{"line":25,"column":8},"end":{"line":26,"column":null}},{"start":{"line":27,"column":8},"end":{"line":28,"column":null}},{"start":{"line":29,"column":8},"end":{"line":30,"column":null}},{"start":{"line":31,"column":8},"end":{"line":32,"column":null}}],"line":24},"1":{"loc":{"start":{"line":42,"column":4},"end":{"line":42,"column":null}},"type":"default-arg","locations":[{"start":{"line":42,"column":25},"end":{"line":42,"column":null}}],"line":42},"2":{"loc":{"start":{"line":47,"column":39},"end":{"line":47,"column":86}},"type":"binary-expr","locations":[{"start":{"line":47,"column":39},"end":{"line":47,"column":65}},{"start":{"line":47,"column":65},"end":{"line":47,"column":86}}],"line":47},"3":{"loc":{"start":{"line":48,"column":24},"end":{"line":48,"column":null}},"type":"cond-expr","locations":[{"start":{"line":48,"column":32},"end":{"line":48,"column":75}},{"start":{"line":48,"column":75},"end":{"line":48,"column":null}}],"line":48},"4":{"loc":{"start":{"line":52,"column":13},"end":{"line":176,"column":null}},"type":"binary-expr","locations":[{"start":{"line":52,"column":13},"end":{"line":52,"column":null}},{"start":{"line":53,"column":16},"end":{"line":176,"column":null}}],"line":52},"5":{"loc":{"start":{"line":71,"column":41},"end":{"line":75,"column":null}},"type":"cond-expr","locations":[{"start":{"line":72,"column":46},"end":{"line":74,"column":null}},{"start":{"line":75,"column":46},"end":{"line":75,"column":null}}],"line":71},"6":{"loc":{"start":{"line":72,"column":46},"end":{"line":74,"column":null}},"type":"cond-expr","locations":[{"start":{"line":73,"column":50},"end":{"line":73,"column":null}},{"start":{"line":74,"column":50},"end":{"line":74,"column":null}}],"line":72},"7":{"loc":{"start":{"line":79,"column":41},"end":{"line":79,"column":null}},"type":"cond-expr","locations":[{"start":{"line":79,"column":54},"end":{"line":79,"column":78}},{"start":{"line":79,"column":78},"end":{"line":79,"column":null}}],"line":79},"8":{"loc":{"start":{"line":82,"column":33},"end":{"line":88,"column":null}},"type":"binary-expr","locations":[{"start":{"line":82,"column":33},"end":{"line":82,"column":null}},{"start":{"line":83,"column":36},"end":{"line":88,"column":null}}],"line":82},"9":{"loc":{"start":{"line":96,"column":74},"end":{"line":96,"column":null}},"type":"cond-expr","locations":[{"start":{"line":96,"column":87},"end":{"line":96,"column":102}},{"start":{"line":96,"column":102},"end":{"line":96,"column":null}}],"line":96},"10":{"loc":{"start":{"line":110,"column":118},"end":{"line":116,"column":null}},"type":"cond-expr","locations":[{"start":{"line":111,"column":50},"end":{"line":111,"column":null}},{"start":{"line":112,"column":50},"end":{"line":116,"column":null}}],"line":110},"11":{"loc":{"start":{"line":112,"column":50},"end":{"line":116,"column":null}},"type":"cond-expr","locations":[{"start":{"line":113,"column":54},"end":{"line":113,"column":null}},{"start":{"line":114,"column":54},"end":{"line":116,"column":null}}],"line":112},"12":{"loc":{"start":{"line":114,"column":54},"end":{"line":116,"column":null}},"type":"cond-expr","locations":[{"start":{"line":115,"column":58},"end":{"line":115,"column":null}},{"start":{"line":116,"column":58},"end":{"line":116,"column":null}}],"line":114},"13":{"loc":{"start":{"line":124,"column":45},"end":{"line":127,"column":null}},"type":"binary-expr","locations":[{"start":{"line":124,"column":45},"end":{"line":124,"column":74}},{"start":{"line":124,"column":74},"end":{"line":124,"column":null}},{"start":{"line":125,"column":48},"end":{"line":127,"column":null}}],"line":124},"14":{"loc":{"start":{"line":129,"column":45},"end":{"line":132,"column":null}},"type":"binary-expr","locations":[{"start":{"line":129,"column":45},"end":{"line":129,"column":73}},{"start":{"line":129,"column":73},"end":{"line":129,"column":null}},{"start":{"line":130,"column":48},"end":{"line":132,"column":null}}],"line":129},"15":{"loc":{"start":{"line":131,"column":53},"end":{"line":131,"column":null}},"type":"binary-expr","locations":[{"start":{"line":131,"column":53},"end":{"line":131,"column":75}},{"start":{"line":131,"column":75},"end":{"line":131,"column":null}}],"line":131},"16":{"loc":{"start":{"line":140,"column":29},"end":{"line":160,"column":null}},"type":"binary-expr","locations":[{"start":{"line":140,"column":29},"end":{"line":140,"column":null}},{"start":{"line":141,"column":32},"end":{"line":160,"column":null}}],"line":140},"17":{"loc":{"start":{"line":142,"column":37},"end":{"line":149,"column":null}},"type":"binary-expr","locations":[{"start":{"line":142,"column":37},"end":{"line":142,"column":null}},{"start":{"line":143,"column":40},"end":{"line":149,"column":null}}],"line":142},"18":{"loc":{"start":{"line":151,"column":37},"end":{"line":158,"column":null}},"type":"binary-expr","locations":[{"start":{"line":151,"column":37},"end":{"line":151,"column":null}},{"start":{"line":152,"column":40},"end":{"line":158,"column":null}}],"line":151},"19":{"loc":{"start":{"line":164,"column":29},"end":{"line":172,"column":null}},"type":"binary-expr","locations":[{"start":{"line":164,"column":29},"end":{"line":164,"column":40}},{"start":{"line":164,"column":40},"end":{"line":164,"column":null}},{"start":{"line":165,"column":32},"end":{"line":172,"column":null}}],"line":164}},"s":{"0":2,"1":0,"2":0,"3":0,"4":0,"5":0,"6":56,"7":0,"8":56,"9":0,"10":56,"11":56,"12":0,"13":56,"14":56,"15":0},"f":{"0":0,"1":56,"2":0,"3":0,"4":0,"5":0},"b":{"0":[0,0,0,0],"1":[56],"2":[0,0],"3":[0,56],"4":[56,0],"5":[0,0],"6":[0,0],"7":[0,0],"8":[0,0],"9":[0,0],"10":[0,0],"11":[0,0],"12":[0,0],"13":[0,0,0],"14":[0,0,0],"15":[0,0],"16":[0,0],"17":[0,0],"18":[0,0],"19":[0,0,0]},"meta":{"lastBranch":20,"lastFunction":6,"lastStatement":16,"seen":{"s:23:19:34:Infinity":0,"f:23:19:23:20":0,"b:25:8:26:Infinity:27:8:28:Infinity:29:8:30:Infinity:31:8:32:Infinity":0,"s:24:4:33:Infinity":1,"s:26:12:26:Infinity":2,"s:28:12:28:Infinity":3,"s:30:12:30:Infinity":4,"s:32:12:32:Infinity":5,"f:36:16:36:30":1,"b:42:25:42:Infinity":1,"s:44:22:44:Infinity":6,"f:44:35:44:36":2,"s:44:42:44:64":7,"s:45:19:45:Infinity":8,"f:45:32:45:33":3,"s:45:39:45:60":9,"s:46:18:46:Infinity":10,"s:47:20:47:Infinity":11,"f:47:32:47:33":4,"s:47:39:47:86":12,"b:47:39:47:65:47:65:47:86":2,"s:48:24:48:Infinity":13,"b:48:32:48:75:48:75:48:Infinity":3,"s:50:4:178:Infinity":14,"b:52:13:52:Infinity:53:16:176:Infinity":4,"b:72:46:74:Infinity:75:46:75:Infinity":5,"b:73:50:73:Infinity:74:50:74:Infinity":6,"b:79:54:79:78:79:78:79:Infinity":7,"b:82:33:82:Infinity:83:36:88:Infinity":8,"b:96:87:96:102:96:102:96:Infinity":9,"f:107:43:107:44":5,"s:108:36:135:Infinity":15,"b:111:50:111:Infinity:112:50:116:Infinity":10,"b:113:54:113:Infinity:114:54:116:Infinity":11,"b:115:58:115:Infinity:116:58:116:Infinity":12,"b:124:45:124:74:124:74:124:Infinity:125:48:127:Infinity":13,"b:129:45:129:73:129:73:129:Infinity:130:48:132:Infinity":14,"b:131:53:131:75:131:75:131:Infinity":15,"b:140:29:140:Infinity:141:32:160:Infinity":16,"b:142:37:142:Infinity:143:40:149:Infinity":17,"b:151:37:151:Infinity:152:40:158:Infinity":18,"b:164:29:164:40:164:40:164:Infinity:165:32:172:Infinity":19}}}
,"F:\\WinOpt\\WinOptimizerRevamp\\src\\components\\ToastSystem.tsx": {"path":"F:\\WinOpt\\WinOptimizerRevamp\\src\\components\\ToastSystem.tsx","statementMap":{"0":{"start":{"line":24,"column":6},"end":{"line":24,"column":null}},"1":{"start":{"line":27,"column":10},"end":{"line":27,"column":null}},"2":{"start":{"line":28,"column":4},"end":{"line":34,"column":null}},"3":{"start":{"line":30,"column":8},"end":{"line":33,"column":null}},"4":{"start":{"line":35,"column":4},"end":{"line":35,"column":null}},"5":{"start":{"line":40,"column":19},"end":{"line":40,"column":null}},"6":{"start":{"line":43,"column":28},"end":{"line":43,"column":null}},"7":{"start":{"line":45,"column":10},"end":{"line":47,"column":null}},"8":{"start":{"line":46,"column":8},"end":{"line":46,"column":null}},"9":{"start":{"line":46,"column":28},"end":{"line":46,"column":59}},"10":{"start":{"line":46,"column":47},"end":{"line":46,"column":58}},"11":{"start":{"line":49,"column":10},"end":{"line":59,"column":null}},"12":{"start":{"line":51,"column":23},"end":{"line":51,"column":null}},"13":{"start":{"line":52,"column":29},"end":{"line":52,"column":null}},"14":{"start":{"line":53,"column":12},"end":{"line":53,"column":null}},"15":{"start":{"line":53,"column":32},"end":{"line":53,"column":59}},"16":{"start":{"line":54,"column":12},"end":{"line":56,"column":null}},"17":{"start":{"line":55,"column":16},"end":{"line":55,"column":null}},"18":{"start":{"line":55,"column":33},"end":{"line":55,"column":50}},"19":{"start":{"line":61,"column":4},"end":{"line":65,"column":null}},"20":{"start":{"line":71,"column":52},"end":{"line":76,"column":null}},"21":{"start":{"line":78,"column":45},"end":{"line":83,"column":null}},"22":{"start":{"line":92,"column":4},"end":{"line":122,"column":null}},"23":{"start":{"line":96,"column":20},"end":{"line":119,"column":null}},"24":{"start":{"line":114,"column":43},"end":{"line":114,"column":null}}},"fnMap":{"0":{"name":"useToast","decl":{"start":{"line":26,"column":16},"end":{"line":26,"column":27}},"loc":{"start":{"line":26,"column":27},"end":{"line":36,"column":null}},"line":26},"1":{"name":"(anonymous_1)","decl":{"start":{"line":31,"column":22},"end":{"line":31,"column":28}},"loc":{"start":{"line":31,"column":28},"end":{"line":31,"column":null}},"line":31},"2":{"name":"(anonymous_2)","decl":{"start":{"line":32,"column":25},"end":{"line":32,"column":31}},"loc":{"start":{"line":32,"column":31},"end":{"line":32,"column":null}},"line":32},"3":{"name":"ToastProvider","decl":{"start":{"line":42,"column":16},"end":{"line":42,"column":30}},"loc":{"start":{"line":42,"column":75},"end":{"line":67,"column":null}},"line":42},"4":{"name":"(anonymous_4)","decl":{"start":{"line":45,"column":36},"end":{"line":45,"column":37}},"loc":{"start":{"line":45,"column":52},"end":{"line":47,"column":7}},"line":45},"5":{"name":"(anonymous_5)","decl":{"start":{"line":46,"column":18},"end":{"line":46,"column":19}},"loc":{"start":{"line":46,"column":28},"end":{"line":46,"column":59}},"line":46},"6":{"name":"(anonymous_6)","decl":{"start":{"line":46,"column":40},"end":{"line":46,"column":41}},"loc":{"start":{"line":46,"column":47},"end":{"line":46,"column":58}},"line":46},"7":{"name":"(anonymous_7)","decl":{"start":{"line":50,"column":8},"end":{"line":50,"column":9}},"loc":{"start":{"line":50,"column":38},"end":{"line":57,"column":null}},"line":50},"8":{"name":"(anonymous_8)","decl":{"start":{"line":53,"column":22},"end":{"line":53,"column":23}},"loc":{"start":{"line":53,"column":32},"end":{"line":53,"column":59}},"line":53},"9":{"name":"(anonymous_9)","decl":{"start":{"line":55,"column":27},"end":{"line":55,"column":33}},"loc":{"start":{"line":55,"column":33},"end":{"line":55,"column":50}},"line":55},"10":{"name":"ToastContainer","decl":{"start":{"line":85,"column":9},"end":{"line":85,"column":24}},"loc":{"start":{"line":91,"column":3},"end":{"line":124,"column":null}},"line":91},"11":{"name":"(anonymous_11)","decl":{"start":{"line":95,"column":28},"end":{"line":95,"column":29}},"loc":{"start":{"line":96,"column":20},"end":{"line":119,"column":null}},"line":96},"12":{"name":"(anonymous_12)","decl":{"start":{"line":114,"column":37},"end":{"line":114,"column":43}},"loc":{"start":{"line":114,"column":43},"end":{"line":114,"column":null}},"line":114}},"branchMap":{"0":{"loc":{"start":{"line":28,"column":4},"end":{"line":34,"column":null}},"type":"if","locations":[{"start":{"line":28,"column":4},"end":{"line":34,"column":null}},{"start":{},"end":{}}],"line":28},"1":{"loc":{"start":{"line":52,"column":29},"end":{"line":52,"column":null}},"type":"binary-expr","locations":[{"start":{"line":52,"column":29},"end":{"line":52,"column":47}},{"start":{"line":52,"column":47},"end":{"line":52,"column":null}}],"line":52},"2":{"loc":{"start":{"line":54,"column":12},"end":{"line":56,"column":null}},"type":"if","locations":[{"start":{"line":54,"column":12},"end":{"line":56,"column":null}},{"start":{},"end":{}}],"line":54},"3":{"loc":{"start":{"line":107,"column":29},"end":{"line":110,"column":null}},"type":"binary-expr","locations":[{"start":{"line":107,"column":29},"end":{"line":107,"column":null}},{"start":{"line":108,"column":32},"end":{"line":110,"column":null}}],"line":107}},"s":{"0":2,"1":56,"2":56,"3":56,"4":0,"5":2,"6":0,"7":0,"8":0,"9":0,"10":0,"11":0,"12":0,"13":0,"14":0,"15":0,"16":0,"17":0,"18":0,"19":0,"20":2,"21":2,"22":0,"23":0,"24":0},"f":{"0":56,"1":0,"2":0,"3":0,"4":0,"5":0,"6":0,"7":0,"8":0,"9":0,"10":0,"11":0,"12":0},"b":{"0":[56,0],"1":[0,0],"2":[0,0],"3":[0,0]},"meta":{"lastBranch":4,"lastFunction":13,"lastStatement":25,"seen":{"s:24:6:24:Infinity":0,"f:26:16:26:27":0,"s:27:10:27:Infinity":1,"b:28:4:34:Infinity:undefined:undefined:undefined:undefined":0,"s:28:4:34:Infinity":2,"s:30:8:33:Infinity":3,"f:31:22:31:28":1,"f:32:25:32:31":2,"s:35:4:35:Infinity":4,"s:40:19:40:Infinity":5,"f:42:16:42:30":3,"s:43:28:43:Infinity":6,"s:45:10:47:Infinity":7,"f:45:36:45:37":4,"s:46:8:46:Infinity":8,"f:46:18:46:19":5,"s:46:28:46:59":9,"f:46:40:46:41":6,"s:46:47:46:58":10,"s:49:10:59:Infinity":11,"f:50:8:50:9":7,"s:51:23:51:Infinity":12,"s:52:29:52:Infinity":13,"b:52:29:52:47:52:47:52:Infinity":1,"s:53:12:53:Infinity":14,"f:53:22:53:23":8,"s:53:32:53:59":15,"b:54:12:56:Infinity:undefined:undefined:undefined:undefined":2,"s:54:12:56:Infinity":16,"s:55:16:55:Infinity":17,"f:55:27:55:33":9,"s:55:33:55:50":18,"s:61:4:65:Infinity":19,"s:71:52:76:Infinity":20,"s:78:45:83:Infinity":21,"f:85:9:85:24":10,"s:92:4:122:Infinity":22,"f:95:28:95:29":11,"s:96:20:119:Infinity":23,"b:107:29:107:Infinity:108:32:110:Infinity":3,"f:114:37:114:43":12,"s:114:43:114:Infinity":24}}}
,"F:\\WinOpt\\WinOptimizerRevamp\\src\\components\\layout\\MainLayout.tsx": {"path":"F:\\WinOpt\\WinOptimizerRevamp\\src\\components\\layout\\MainLayout.tsx","statementMap":{"0":{"start":{"line":14,"column":4},"end":{"line":43,"column":null}}},"fnMap":{"0":{"name":"MainLayout","decl":{"start":{"line":5,"column":16},"end":{"line":5,"column":27}},"loc":{"start":{"line":13,"column":3},"end":{"line":45,"column":null}},"line":13}},"branchMap":{},"s":{"0":0},"f":{"0":0},"b":{},"meta":{"lastBranch":0,"lastFunction":1,"lastStatement":1,"seen":{"f:5:16:5:27":0,"s:14:4:43:Infinity":0}}}
,"F:\\WinOpt\\WinOptimizerRevamp\\src\\components\\layout\\Sidebar.tsx": {"path":"F:\\WinOpt\\WinOptimizerRevamp\\src\\components\\layout\\Sidebar.tsx","statementMap":{"0":{"start":{"line":12,"column":22},"end":{"line":18,"column":null}},"1":{"start":{"line":28,"column":32},"end":{"line":38,"column":null}},"2":{"start":{"line":40,"column":32},"end":{"line":48,"column":null}},"3":{"start":{"line":51,"column":57},"end":{"line":51,"column":null}},"4":{"start":{"line":52,"column":46},"end":{"line":52,"column":null}},"5":{"start":{"line":54,"column":26},"end":{"line":94,"column":null}},"6":{"start":{"line":55,"column":25},"end":{"line":55,"column":null}},"7":{"start":{"line":56,"column":8},"end":{"line":92,"column":null}},"8":{"start":{"line":60,"column":31},"end":{"line":60,"column":null}},"9":{"start":{"line":96,"column":4},"end":{"line":191,"column":null}},"10":{"start":{"line":111,"column":35},"end":{"line":111,"column":null}},"11":{"start":{"line":143,"column":35},"end":{"line":143,"column":null}},"12":{"start":{"line":152,"column":79},"end":{"line":152,"column":106}},"13":{"start":{"line":155,"column":36},"end":{"line":161,"column":null}},"14":{"start":{"line":158,"column":57},"end":{"line":158,"column":91}},"15":{"start":{"line":158,"column":91},"end":{"line":158,"column":118}},"16":{"start":{"line":167,"column":39},"end":{"line":167,"column":null}},"17":{"start":{"line":171,"column":147},"end":{"line":171,"column":167}}},"fnMap":{"0":{"name":"Sidebar","decl":{"start":{"line":50,"column":16},"end":{"line":50,"column":24}},"loc":{"start":{"line":50,"column":105},"end":{"line":193,"column":null}},"line":50},"1":{"name":"(anonymous_1)","decl":{"start":{"line":54,"column":26},"end":{"line":54,"column":27}},"loc":{"start":{"line":54,"column":45},"end":{"line":94,"column":null}},"line":54},"2":{"name":"(anonymous_2)","decl":{"start":{"line":60,"column":25},"end":{"line":60,"column":31}},"loc":{"start":{"line":60,"column":31},"end":{"line":60,"column":null}},"line":60},"3":{"name":"(anonymous_3)","decl":{"start":{"line":111,"column":29},"end":{"line":111,"column":35}},"loc":{"start":{"line":111,"column":35},"end":{"line":111,"column":null}},"line":111},"4":{"name":"(anonymous_4)","decl":{"start":{"line":143,"column":29},"end":{"line":143,"column":35}},"loc":{"start":{"line":143,"column":35},"end":{"line":143,"column":null}},"line":143},"5":{"name":"(anonymous_5)","decl":{"start":{"line":152,"column":73},"end":{"line":152,"column":79}},"loc":{"start":{"line":152,"column":79},"end":{"line":152,"column":106}},"line":152},"6":{"name":"(anonymous_6)","decl":{"start":{"line":154,"column":51},"end":{"line":154,"column":null}},"loc":{"start":{"line":155,"column":36},"end":{"line":161,"column":null}},"line":155},"7":{"name":"(anonymous_7)","decl":{"start":{"line":158,"column":49},"end":{"line":158,"column":55}},"loc":{"start":{"line":158,"column":55},"end":{"line":158,"column":null}},"line":158},"8":{"name":"(anonymous_8)","decl":{"start":{"line":167,"column":33},"end":{"line":167,"column":39}},"loc":{"start":{"line":167,"column":39},"end":{"line":167,"column":null}},"line":167},"9":{"name":"(anonymous_9)","decl":{"start":{"line":171,"column":142},"end":{"line":171,"column":147}},"loc":{"start":{"line":171,"column":147},"end":{"line":171,"column":167}},"line":171}},"branchMap":{"0":{"loc":{"start":{"line":61,"column":193},"end":{"line":63,"column":null}},"type":"cond-expr","locations":[{"start":{"line":62,"column":22},"end":{"line":62,"column":null}},{"start":{"line":63,"column":22},"end":{"line":63,"column":null}}],"line":61},"1":{"loc":{"start":{"line":66,"column":17},"end":{"line":72,"column":null}},"type":"binary-expr","locations":[{"start":{"line":66,"column":17},"end":{"line":66,"column":null}},{"start":{"line":67,"column":20},"end":{"line":72,"column":null}}],"line":66},"2":{"loc":{"start":{"line":75,"column":17},"end":{"line":76,"column":null}},"type":"binary-expr","locations":[{"start":{"line":75,"column":17},"end":{"line":75,"column":null}},{"start":{"line":76,"column":20},"end":{"line":76,"column":null}}],"line":75},"3":{"loc":{"start":{"line":80,"column":21},"end":{"line":89,"column":null}},"type":"cond-expr","locations":[{"start":{"line":81,"column":24},"end":{"line":86,"column":null}},{"start":{"line":87,"column":24},"end":{"line":89,"column":null}}],"line":80},"4":{"loc":{"start":{"line":85,"column":45},"end":{"line":85,"column":130}},"type":"cond-expr","locations":[{"start":{"line":85,"column":56},"end":{"line":85,"column":112}},{"start":{"line":85,"column":112},"end":{"line":85,"column":130}}],"line":85},"5":{"loc":{"start":{"line":87,"column":24},"end":{"line":89,"column":null}},"type":"cond-expr","locations":[{"start":{"line":88,"column":24},"end":{"line":88,"column":null}},{"start":{"line":89,"column":24},"end":{"line":89,"column":null}}],"line":87},"6":{"loc":{"start":{"line":88,"column":82},"end":{"line":88,"column":145}},"type":"cond-expr","locations":[{"start":{"line":88,"column":93},"end":{"line":88,"column":109}},{"start":{"line":88,"column":109},"end":{"line":88,"column":145}}],"line":88},"7":{"loc":{"start":{"line":143,"column":44},"end":{"line":143,"column":79}},"type":"cond-expr","locations":[{"start":{"line":143,"column":63},"end":{"line":143,"column":73}},{"start":{"line":143,"column":73},"end":{"line":143,"column":79}}],"line":143},"8":{"loc":{"start":{"line":147,"column":21},"end":{"line":147,"column":null}},"type":"cond-expr","locations":[{"start":{"line":147,"column":40},"end":{"line":147,"column":85}},{"start":{"line":147,"column":85},"end":{"line":147,"column":null}}],"line":147},"9":{"loc":{"start":{"line":150,"column":21},"end":{"line":164,"column":null}},"type":"binary-expr","locations":[{"start":{"line":150,"column":21},"end":{"line":150,"column":null}},{"start":{"line":151,"column":24},"end":{"line":164,"column":null}}],"line":150},"10":{"loc":{"start":{"line":159,"column":122},"end":{"line":159,"column":218}},"type":"cond-expr","locations":[{"start":{"line":159,"column":150},"end":{"line":159,"column":216}},{"start":{"line":159,"column":216},"end":{"line":159,"column":218}}],"line":159},"11":{"loc":{"start":{"line":171,"column":123},"end":{"line":171,"column":189}},"type":"binary-expr","locations":[{"start":{"line":171,"column":123},"end":{"line":171,"column":179}},{"start":{"line":171,"column":179},"end":{"line":171,"column":189}}],"line":171}},"s":{"0":0,"1":0,"2":0,"3":0,"4":0,"5":0,"6":0,"7":0,"8":0,"9":0,"10":0,"11":0,"12":0,"13":0,"14":0,"15":0,"16":0,"17":0},"f":{"0":0,"1":0,"2":0,"3":0,"4":0,"5":0,"6":0,"7":0,"8":0,"9":0},"b":{"0":[0,0],"1":[0,0],"2":[0,0],"3":[0,0],"4":[0,0],"5":[0,0],"6":[0,0],"7":[0,0],"8":[0,0],"9":[0,0],"10":[0,0],"11":[0,0]},"meta":{"lastBranch":12,"lastFunction":10,"lastStatement":18,"seen":{"s:12:22:18:Infinity":0,"s:28:32:38:Infinity":1,"s:40:32:48:Infinity":2,"f:50:16:50:24":0,"s:51:57:51:Infinity":3,"s:52:46:52:Infinity":4,"s:54:26:94:Infinity":5,"f:54:26:54:27":1,"s:55:25:55:Infinity":6,"s:56:8:92:Infinity":7,"f:60:25:60:31":2,"s:60:31:60:Infinity":8,"b:62:22:62:Infinity:63:22:63:Infinity":0,"b:66:17:66:Infinity:67:20:72:Infinity":1,"b:75:17:75:Infinity:76:20:76:Infinity":2,"b:81:24:86:Infinity:87:24:89:Infinity":3,"b:85:56:85:112:85:112:85:130":4,"b:88:24:88:Infinity:89:24:89:Infinity":5,"b:88:93:88:109:88:109:88:145":6,"s:96:4:191:Infinity":9,"f:111:29:111:35":3,"s:111:35:111:Infinity":10,"f:143:29:143:35":4,"s:143:35:143:Infinity":11,"b:143:63:143:73:143:73:143:79":7,"b:147:40:147:85:147:85:147:Infinity":8,"b:150:21:150:Infinity:151:24:164:Infinity":9,"f:152:73:152:79":5,"s:152:79:152:106":12,"f:154:51:154:Infinity":6,"s:155:36:161:Infinity":13,"f:158:49:158:55":7,"s:158:57:158:91":14,"s:158:91:158:118":15,"b:159:150:159:216:159:216:159:218":10,"f:167:33:167:39":8,"s:167:39:167:Infinity":16,"b:171:123:171:179:171:179:171:189":11,"f:171:142:171:147":9,"s:171:147:171:167":17}}}
,"F:\\WinOpt\\WinOptimizerRevamp\\src\\hooks\\useElevation.ts": {"path":"F:\\WinOpt\\WinOptimizerRevamp\\src\\hooks\\useElevation.ts","statementMap":{"0":{"start":{"line":8,"column":30},"end":{"line":8,"column":null}},"1":{"start":{"line":9,"column":32},"end":{"line":9,"column":null}},"2":{"start":{"line":11,"column":10},"end":{"line":24,"column":null}},"3":{"start":{"line":12,"column":8},"end":{"line":12,"column":null}},"4":{"start":{"line":13,"column":8},"end":{"line":23,"column":null}},"5":{"start":{"line":14,"column":26},"end":{"line":14,"column":null}},"6":{"start":{"line":15,"column":12},"end":{"line":15,"column":null}},"7":{"start":{"line":16,"column":12},"end":{"line":16,"column":null}},"8":{"start":{"line":18,"column":12},"end":{"line":18,"column":null}},"9":{"start":{"line":19,"column":12},"end":{"line":19,"column":null}},"10":{"start":{"line":20,"column":12},"end":{"line":20,"column":null}},"11":{"start":{"line":22,"column":12},"end":{"line":22,"column":null}},"12":{"start":{"line":26,"column":4},"end":{"line":26,"column":null}}},"fnMap":{"0":{"name":"useElevation","decl":{"start":{"line":7,"column":16},"end":{"line":7,"column":31}},"loc":{"start":{"line":7,"column":31},"end":{"line":27,"column":null}},"line":7},"1":{"name":"(anonymous_1)","decl":{"start":{"line":11,"column":35},"end":{"line":11,"column":47}},"loc":{"start":{"line":11,"column":47},"end":{"line":24,"column":7}},"line":11}},"branchMap":{},"s":{"0":0,"1":0,"2":0,"3":0,"4":0,"5":0,"6":0,"7":0,"8":0,"9":0,"10":0,"11":0,"12":0},"f":{"0":0,"1":0},"b":{},"meta":{"lastBranch":0,"lastFunction":2,"lastStatement":13,"seen":{"f:7:16:7:31":0,"s:8:30:8:Infinity":0,"s:9:32:9:Infinity":1,"s:11:10:24:Infinity":2,"f:11:35:11:47":1,"s:12:8:12:Infinity":3,"s:13:8:23:Infinity":4,"s:14:26:14:Infinity":5,"s:15:12:15:Infinity":6,"s:16:12:16:Infinity":7,"s:18:12:18:Infinity":8,"s:19:12:19:Infinity":9,"s:20:12:20:Infinity":10,"s:22:12:22:Infinity":11,"s:26:4:26:Infinity":12}}}
,"F:\\WinOpt\\WinOptimizerRevamp\\src\\hooks\\useNetwork.ts": {"path":"F:\\WinOpt\\WinOptimizerRevamp\\src\\hooks\\useNetwork.ts","statementMap":{"0":{"start":{"line":23,"column":36},"end":{"line":23,"column":null}},"1":{"start":{"line":24,"column":34},"end":{"line":24,"column":null}},"2":{"start":{"line":25,"column":26},"end":{"line":25,"column":null}},"3":{"start":{"line":27,"column":30},"end":{"line":27,"column":null}},"4":{"start":{"line":28,"column":36},"end":{"line":28,"column":null}},"5":{"start":{"line":29,"column":34},"end":{"line":29,"column":null}},"6":{"start":{"line":31,"column":10},"end":{"line":42,"column":null}},"7":{"start":{"line":32,"column":8},"end":{"line":41,"column":null}},"8":{"start":{"line":33,"column":25},"end":{"line":33,"column":null}},"9":{"start":{"line":34,"column":12},"end":{"line":34,"column":null}},"10":{"start":{"line":35,"column":12},"end":{"line":35,"column":null}},"11":{"start":{"line":37,"column":12},"end":{"line":37,"column":null}},"12":{"start":{"line":38,"column":12},"end":{"line":38,"column":null}},"13":{"start":{"line":40,"column":12},"end":{"line":40,"column":null}},"14":{"start":{"line":44,"column":4},"end":{"line":48,"column":null}},"15":{"start":{"line":45,"column":8},"end":{"line":45,"column":null}},"16":{"start":{"line":46,"column":25},"end":{"line":46,"column":null}},"17":{"start":{"line":47,"column":8},"end":{"line":47,"column":null}},"18":{"start":{"line":47,"column":21},"end":{"line":47,"column":null}},"19":{"start":{"line":50,"column":21},"end":{"line":64,"column":null}},"20":{"start":{"line":51,"column":8},"end":{"line":51,"column":null}},"21":{"start":{"line":51,"column":26},"end":{"line":51,"column":null}},"22":{"start":{"line":52,"column":8},"end":{"line":52,"column":null}},"23":{"start":{"line":53,"column":8},"end":{"line":53,"column":null}},"24":{"start":{"line":54,"column":8},"end":{"line":54,"column":null}},"25":{"start":{"line":56,"column":8},"end":{"line":63,"column":null}},"26":{"start":{"line":57,"column":27},"end":{"line":57,"column":null}},"27":{"start":{"line":58,"column":12},"end":{"line":58,"column":null}},"28":{"start":{"line":60,"column":12},"end":{"line":60,"column":null}},"29":{"start":{"line":62,"column":12},"end":{"line":62,"column":null}},"30":{"start":{"line":66,"column":4},"end":{"line":75,"column":null}}},"fnMap":{"0":{"name":"useNetwork","decl":{"start":{"line":22,"column":16},"end":{"line":22,"column":29}},"loc":{"start":{"line":22,"column":29},"end":{"line":76,"column":null}},"line":22},"1":{"name":"(anonymous_1)","decl":{"start":{"line":31,"column":40},"end":{"line":31,"column":52}},"loc":{"start":{"line":31,"column":52},"end":{"line":42,"column":7}},"line":31},"2":{"name":"(anonymous_2)","decl":{"start":{"line":44,"column":14},"end":{"line":44,"column":20}},"loc":{"start":{"line":44,"column":20},"end":{"line":48,"column":7}},"line":44},"3":{"name":"(anonymous_3)","decl":{"start":{"line":47,"column":15},"end":{"line":47,"column":21}},"loc":{"start":{"line":47,"column":21},"end":{"line":47,"column":null}},"line":47},"4":{"name":"(anonymous_4)","decl":{"start":{"line":50,"column":21},"end":{"line":50,"column":28}},"loc":{"start":{"line":50,"column":45},"end":{"line":64,"column":null}},"line":50}},"branchMap":{"0":{"loc":{"start":{"line":38,"column":21},"end":{"line":38,"column":69}},"type":"cond-expr","locations":[{"start":{"line":38,"column":44},"end":{"line":38,"column":58}},{"start":{"line":38,"column":58},"end":{"line":38,"column":69}}],"line":38},"1":{"loc":{"start":{"line":51,"column":8},"end":{"line":51,"column":null}},"type":"if","locations":[{"start":{"line":51,"column":8},"end":{"line":51,"column":null}},{"start":{},"end":{}}],"line":51},"2":{"loc":{"start":{"line":60,"column":25},"end":{"line":60,"column":73}},"type":"cond-expr","locations":[{"start":{"line":60,"column":48},"end":{"line":60,"column":62}},{"start":{"line":60,"column":62},"end":{"line":60,"column":73}}],"line":60}},"s":{"0":0,"1":0,"2":0,"3":0,"4":0,"5":0,"6":0,"7":0,"8":0,"9":0,"10":0,"11":0,"12":0,"13":0,"14":0,"15":0,"16":0,"17":0,"18":0,"19":0,"20":0,"21":0,"22":0,"23":0,"24":0,"25":0,"26":0,"27":0,"28":0,"29":0,"30":0},"f":{"0":0,"1":0,"2":0,"3":0,"4":0},"b":{"0":[0,0],"1":[0,0],"2":[0,0]},"meta":{"lastBranch":3,"lastFunction":5,"lastStatement":31,"seen":{"f:22:16:22:29":0,"s:23:36:23:Infinity":0,"s:24:34:24:Infinity":1,"s:25:26:25:Infinity":2,"s:27:30:27:Infinity":3,"s:28:36:28:Infinity":4,"s:29:34:29:Infinity":5,"s:31:10:42:Infinity":6,"f:31:40:31:52":1,"s:32:8:41:Infinity":7,"s:33:25:33:Infinity":8,"s:34:12:34:Infinity":9,"s:35:12:35:Infinity":10,"s:37:12:37:Infinity":11,"s:38:12:38:Infinity":12,"b:38:44:38:58:38:58:38:69":0,"s:40:12:40:Infinity":13,"s:44:4:48:Infinity":14,"f:44:14:44:20":2,"s:45:8:45:Infinity":15,"s:46:25:46:Infinity":16,"s:47:8:47:Infinity":17,"f:47:15:47:21":3,"s:47:21:47:Infinity":18,"s:50:21:64:Infinity":19,"f:50:21:50:28":4,"b:51:8:51:Infinity:undefined:undefined:undefined:undefined":1,"s:51:8:51:Infinity":20,"s:51:26:51:Infinity":21,"s:52:8:52:Infinity":22,"s:53:8:53:Infinity":23,"s:54:8:54:Infinity":24,"s:56:8:63:Infinity":25,"s:57:27:57:Infinity":26,"s:58:12:58:Infinity":27,"s:60:12:60:Infinity":28,"b:60:48:60:62:60:62:60:73":2,"s:62:12:62:Infinity":29,"s:66:4:75:Infinity":30}}}
[...]
{"start":{"line":625,"column":43},"end":{"line":625,"column":59}},{"start":{"line":625,"column":59},"end":{"line":625,"column":null}}],"line":625},"73":{"loc":{"start":{"line":668,"column":37},"end":{"line":671,"column":null}},"type":"cond-expr","locations":[{"start":{"line":669,"column":40},"end":{"line":669,"column":null}},{"start":{"line":671,"column":40},"end":{"line":671,"column":null}}],"line":668},"74":{"loc":{"start":{"line":682,"column":17},"end":{"line":728,"column":null}},"type":"binary-expr","locations":[{"start":{"line":682,"column":17},"end":{"line":682,"column":null}},{"start":{"line":683,"column":20},"end":{"line":728,"column":null}}],"line":682}},"s":{"0":30,"1":30,"2":30,"3":30,"4":30,"5":30,"6":30,"7":30,"8":30,"9":30,"10":30,"11":30,"12":30,"13":30,"14":30,"15":150,"16":30,"17":150,"18":30,"19":150,"20":30,"21":150,"22":30,"23":150,"24":30,"25":3630,"26":30,"27":290,"28":30,"29":290,"30":30,"31":290,"32":30,"33":7,"34":847,"35":7,"36":1,"37":6,"38":6,"39":6,"40":6,"41":60,"42":60,"43":0,"44":60,"45":60,"46":6,"47":0,"48":6,"49":60,"50":60,"51":0,"52":0,"53":0,"54":0,"55":0,"56":0,"57":6,"58":6,"59":6,"60":30,"61":1,"62":1,"63":0,"64":1,"65":1,"66":0,"67":30,"68":0,"69":0,"70":0,"71":0,"72":0,"73":0,"74":0,"75":0,"76":0,"77":0,"78":30,"79":30,"80":30,"81":2,"82":30,"83":120,"84":30,"85":116,"86":870,"87":116,"88":29,"89":87,"90":3,"91":0,"92":0,"93":120,"94":160,"95":160,"96":160,"97":160,"98":160,"99":160,"100":1,"101":1,"102":0,"103":0,"104":0,"105":0,"106":3,"107":3,"108":3,"109":3,"110":2,"111":1,"112":0,"113":0,"114":1,"115":1,"116":0,"117":0,"118":0,"119":0,"120":0,"121":0,"122":0,"123":0,"124":0,"125":0,"126":0,"127":0,"128":0,"129":0,"130":0,"131":0,"132":0,"133":0,"134":0,"135":0,"136":0,"137":0,"138":0,"139":0,"140":0,"141":0,"142":0,"143":0,"144":0,"145":0,"146":0,"147":0,"148":0,"149":0,"150":0,"151":0,"152":0,"153":0,"154":0,"155":0,"156":0,"157":0,"158":0,"159":0,"160":0,"161":0,"162":0,"163":0,"164":0,"165":0,"166":0,"167":0,"168":0,"169":0,"170":0,"171":0,"172":0,"173":0,"174":0,"175":0,"176":0,"177":0,"178":0,"179":0,"180":0,"181":0,"182":0,"183":0,"184":0},"f":{"0":30,"1":150,"2":150,"3":150,"4":150,"5":150,"6":3630,"7":290,"8":290,"9":290,"10":7,"11":847,"12":6,"13":60,"14":60,"15":0,"16":6,"17":1,"18":1,"19":0,"20":0,"21":2,"22":120,"23":116,"24":870,"25":3,"26":0,"27":0,"28":120,"29":160,"30":1,"31":1,"32":0,"33":0,"34":0,"35":0,"36":3,"37":3,"38":3,"39":0,"40":0,"41":1,"42":1,"43":0,"44":0,"45":0,"46":0,"47":0,"48":0,"49":0,"50":0,"51":0,"52":0,"53":0,"54":0,"55":0,"56":0,"57":0,"58":0,"59":0,"60":0,"61":0,"62":0,"63":0,"64":0,"65":0,"66":0,"67":0,"68":0,"69":0,"70":0,"71":0,"72":0},"b":{"0":[290,0],"1":[290,290],"2":[290,20],"3":[847,60],"4":[1,6],"5":[0,6],"6":[60,0],"7":[60,60],"8":[0,0],"9":[0,0],"10":[0,0],"11":[0,0],"12":[0,1],"13":[0,1],"14":[0,0],"15":[0,0],"16":[0,0],"17":[2,2],"18":[120],"19":[30,29],"20":[29,87],"21":[29,87],"22":[116,29],"23":[29,58],"24":[116,58],"25":[29,1],"26":[30,1],"27":[1,29],"28":[30,0],"29":[0,0],"30":[1,29],"31":[12,18],"32":[12,0],"33":[0,160],"34":[1,159],"35":[1,159],"36":[160,160],"37":[1,159],"38":[0,1],"39":[160,1],"40":[160,0],"41":[160,1,1,1],"42":[0,160],"43":[0,160],"44":[1,159],"45":[160,0],"46":[160,0],"47":[0,160],"48":[1,159],"49":[1,17],"50":[0,17],"51":[30,1],"52":[1,29],"53":[30,1],"54":[30,1],"55":[0,1],"56":[2,1],"57":[0,0],"58":[0,0],"59":[0,0],"60":[0,0],"61":[0,0],"62":[0,0],"63":[0,0],"64":[0,0],"65":[0,0],"66":[0,0],"67":[0,0],"68":[0,0],"69":[0,0],"70":[0,0],"71":[30,0],"72":[0,0],"73":[0,0],"74":[30,0]},"meta":{"lastBranch":75,"lastFunction":73,"lastStatement":185,"seen":{"f:11:16:11:27":0,"s:12:44:12:Infinity":0,"s:13:38:13:Infinity":1,"s:14:36:14:Infinity":2,"s:15:38:15:Infinity":3,"s:16:40:16:Infinity":4,"s:17:42:17:Infinity":5,"s:18:52:18:Infinity":6,"s:19:48:19:Infinity":7,"s:20:40:20:Infinity":8,"s:21:38:21:Infinity":9,"s:22:40:22:Infinity":10,"s:23:62:23:Infinity":11,"s:25:80:25:Infinity":12,"s:26:21:26:Infinity":13,"s:28:10:28:Infinity":14,"f:28:38:28:43":1,"s:28:43:28:58":15,"s:29:10:29:Infinity":16,"f:29:42:29:47":2,"s:29:47:29:79":17,"s:30:10:30:Infinity":18,"f:30:39:30:44":3,"s:30:44:30:60":19,"s:31:10:31:Infinity":20,"f:31:40:31:45":4,"s:31:45:31:62":21,"s:32:10:32:Infinity":22,"f:32:43:32:48":5,"s:32:48:32:68":23,"s:35:30:35:Infinity":24,"f:35:48:35:53":6,"s:35:53:35:81":25,"s:38:31:38:Infinity":26,"f:38:56:38:61":7,"s:38:61:38:103":27,"b:38:61:38:85:38:85:38:103":0,"s:41:19:41:Infinity":28,"f:41:44:41:49":8,"s:41:49:41:91":29,"b:41:49:41:70:41:70:41:91":1,"s:43:26:43:Infinity":30,"f:43:40:43:45":9,"s:43:45:43:95":31,"b:43:45:43:69:43:69:43:95":2,"s:46:4:83:Infinity":32,"f:46:14:46:20":10,"s:47:33:49:Infinity":33,"f:48:12:48:17":11,"s:48:17:48:Infinity":34,"b:48:17:48:49:48:49:48:Infinity":3,"b:50:8:50:Infinity:undefined:undefined:undefined:undefined":4,"s:50:8:50:Infinity":35,"s:50:43:50:Infinity":36,"s:52:24:52:Infinity":37,"s:53:8:53:Infinity":38,"s:55:8:79:Infinity":39,"f:55:9:55:21":12,"s:56:28:62:Infinity":40,"f:57:37:57:44":13,"s:58:36:58:Infinity":41,"f:58:54:58:61":14,"s:58:61:58:94":42,"f:58:72:58:78":15,"s:58:78:58:89":43,"s:59:35:59:Infinity":44,"s:60:20:60:Infinity":45,"b:64:12:64:Infinity:undefined:undefined:undefined:undefined":5,"s:64:12:64:Infinity":46,"s:64:27:64:Infinity":47,"s:67:12:76:Infinity":48,"b:68:16:68:Infinity:undefined:undefined:undefined:undefined":6,"s:68:16:68:Infinity":49,"b:68:20:68:51:68:51:68:71":7,"s:68:71:68:Infinity":50,"s:69:42:69:Infinity":51,"s:70:41:70:Infinity":52,"b:71:16:75:Infinity:73:16:75:Infinity":8,"s:71:16:75:Infinity":53,"b:71:20:71:50:71:50:71:69":9,"s:72:20:72:Infinity":54,"b:73:16:75:Infinity:undefined:undefined:undefined:undefined":10,"s:73:16:75:Infinity":55,"b:73:27:73:58:73:58:73:76":11,"s:74:20:74:Infinity":56,"s:78:12:78:Infinity":57,"s:81:8:81:Infinity":58,"f:81:15:81:21":16,"s:81:23:81:41":59,"s:85:25:94:Infinity":60,"f:85:25:85:26":17,"s:86:8:86:Infinity":61,"b:87:8:93:Infinity:89:15:93:Infinity":12,"s:87:8:93:Infinity":62,"s:88:12:88:Infinity":63,"s:90:12:92:Infinity":64,"f:90:30:90:Infinity":18,"s:91:16:91:Infinity":65,"b:91:42:91:79:91:79:91:Infinity":13,"f:91:54:91:60":19,"s:91:60:91:75":66,"s:96:32:110:Infinity":67,"f:96:32:96:44":20,"b:97:8:97:Infinity:undefined:undefined:undefined:undefined":14,"s:97:8:97:Infinity":68,"s:97:27:97:Infinity":69,"s:98:8:98:Infinity":70,"s:99:8:109:Infinity":71,"s:100:27:100:Infinity":72,"b:101:12:105:Infinity:103:19:105:Infinity":15,"s:101:12:105:Infinity":73,"s:102:16:102:Infinity":74,"s:104:16:104:Infinity":75,"b:104:97:104:115:104:115:104:118":16,"s:107:12:107:Infinity":76,"s:108:12:108:Infinity":77,"s:112:71:116:Infinity":78,"s:118:83:123:Infinity":79,"s:126:29:182:Infinity":80,"f:126:29:126:30":21,"s:127:8:182:Infinity":81,"b:170:17:170:Infinity:171:20:179:Infinity":17,"s:185:25:199:Infinity":82,"f:185:25:185:26":22,"s:186:8:199:Infinity":83,"b:185:36:185:38":18,"s:202:4:731:Infinity":84,"b:217:29:217:Infinity:218:32:239:Infinity":19,"f:222:86:222:94":23,"s:223:54:223:Infinity":85,"b:223:71:223:87:223:87:223:Infinity":20,"f:223:101:223:106":24,"s:223:106:223:126":86,"b:224:40:224:Infinity:undefined:undefined:undefined:undefined":21,"s:224:40:224:Infinity":87,"b:224:44:224:59:224:59:224:75":22,"s:224:75:224:Infinity":88,"s:225:40:236:Infinity":89,"f:228:57:228:63":25,"s:228:63:228:Infinity":90,"b:229:179:229:211:229:211:229:242":23,"b:231:49:231:Infinity:232:52:232:Infinity":24,"b:245:34:245:Infinity:246:34:246:Infinity":25,"b:248:38:248:69:248:69:248:Infinity":26,"f:249:37:249:43":26,"s:249:43:249:Infinity":91,"b:253:36:253:Infinity:254:36:254:Infinity":27,"b:260:21:260:Infinity:261:24:278:Infinity":28,"b:268:121:268:127:268:127:268:130":29,"f:271:45:271:51":27,"s:271:51:271:Infinity":92,"b:281:137:281:147:281:147:281:154":30,"b:282:25:285:Infinity:286:29:393:Infinity":31,"b:283:49:283:58:283:58:283:85":32,"f:283:89:283:90":28,"s:284:32:284:Infinity":93,"f:288:47:288:48":29,"s:289:51:289:Infinity":94,"s:290:50:290:Infinity":95,"s:291:49:291:Infinity":96,"s:294:49:298:Infinity":97,"b:295:38:295:Infinity:296:38:298:Infinity":33,"b:297:42:297:Infinity:298:42:298:Infinity":34,"s:300:55:300:Infinity":98,"b:300:82:300:104:300:104:300:Infinity":35,"b:300:55:300:68:300:68:300:82":36,"s:302:32:373:Infinity":99,"b:310:143:310:148:310:148:310:188":37,"f:311:49:311:55":30,"s:311:55:311:Infinity":100,"b:311:81:311:88:311:88:311:93":38,"b:313:41:313:Infinity:314:44:319:Infinity":39,"b:322:41:322:Infinity:323:44:323:Infinity":40,"b:326:41:326:55:326:55:326:68:326:68:326:Infinity:327:44:327:Infinity":41,"f:333:53:333:54":31,"s:333:60:333:Infinity":101,"b:334:63:334:94:334:94:334:Infinity":42,"b:349:127:349:148:349:148:349:216":43,"b:349:161:349:194:349:194:349:216":44,"b:353:53:353:Infinity:354:56:356:Infinity":45,"b:358:53:358:Infinity:359:56:361:Infinity":46,"b:369:131:369:180:369:180:369:248":47,"b:369:193:369:232:369:232:369:248":48,"b:380:28:386:Infinity:387:28:392:Infinity":49,"b:388:28:391:Infinity:392:28:392:Infinity":50,"f:390:49:390:55":32,"s:390:55:390:77":102,"b:406:33:406:Infinity:407:36:412:Infinity":51,"f:409:57:409:63":33,"s:409:63:409:85":103,"b:419:40:419:Infinity:421:40:430:Infinity":52,"b:441:17:441:Infinity:442:20:487:Infinity":53,"f:448:37:448:43":34,"s:448:43:448:Infinity":104,"f:474:53:474:59":35,"s:474:59:474:81":105,"b:493:17:493:Infinity:494:20:534:Infinity":54,"b:503:90:503:96:503:96:503:99":55,"f:506:75:506:83":36,"s:507:50:507:Infinity":106,"f:507:72:507:78":37,"s:507:78:507:131":107,"f:507:94:507:99":38,"s:507:99:507:110":108,"b:508:36:508:Infinity:undefined:undefined:undefined:undefined":56,"s:508:36:508:Infinity":109,"s:508:53:508:Infinity":110,"s:509:36:512:Infinity":111,"f:521:37:521:43":39,"s:521:43:521:Infinity":112,"f:528:37:528:43":40,"s:528:43:528:Infinity":113,"f:541:43:541:49":41,"s:541:49:541:83":114,"f:541:65:541:70":42,"s:541:70:541:81":115,"f:542:26:542:32":43,"s:542:32:542:Infinity":116,"f:544:27:544:39":44,"s:545:20:545:Infinity":117,"s:546:42:546:Infinity":118,"f:546:61:546:67":45,"s:546:67:546:101":119,"f:546:83:546:88":46,"s:546:88:546:99":120,"s:548:20:548:Infinity":121,"f:548:55:548:61":47,"s:548:61:548:116":122,"s:549:20:549:Infinity":123,"s:550:20:550:Infinity":124,"s:551:20:551:Infinity":125,"s:553:20:569:Infinity":126,"s:553:33:553:36":127,"s:554:38:554:Infinity":128,"s:555:24:555:Infinity":129,"f:555:41:555:49":48,"s:555:49:555:132":130,"f:555:58:555:59":49,"s:555:73:555:131":131,"b:555:85:555:127:555:127:555:131":57,"s:557:39:557:Infinity":132,"b:559:24:568:Infinity:561:31:568:Infinity":58,"s:559:24:568:Infinity":133,"s:560:28:560:Infinity":134,"f:560:45:560:53":50,"s:560:53:560:144":135,"f:560:62:560:63":51,"s:560:77:560:143":136,"b:560:89:560:139:560:139:560:143":59,"s:562:28:562:Infinity":137,"f:562:45:562:53":52,"s:562:53:562:164":138,"f:562:62:562:63":53,"s:562:77:562:163":139,"b:562:89:562:159:562:159:562:163":60,"b:562:135:562:145:562:145:562:155":61,"s:563:28:563:Infinity":140,"b:564:28:566:Infinity:undefined:undefined:undefined:undefined":62,"s:564:28:566:Infinity":141,"s:565:32:565:Infinity":142,"s:567:28:567:Infinity":143,"s:571:47:571:Infinity":144,"b:572:20:577:Infinity:575:27:577:Infinity":63,"s:572:20:577:Infinity":145,"s:573:24:573:Infinity":146,"b:573:118:573:124:573:124:573:126":64,"s:574:24:574:Infinity":147,"s:576:24:576:Infinity":148,"f:586:25:586:31":54,"s:587:20:587:Infinity":149,"s:588:20:588:Infinity":150,"f:590:28:590:40":55,"s:591:20:591:Infinity":151,"s:592:43:595:Infinity":152,"f:594:29:594:35":56,"s:594:35:594:69":153,"f:594:51:594:56":57,"s:594:56:594:67":154,"s:596:20:596:Infinity":155,"s:597:20:597:Infinity":156,"b:597:128:597:134:597:134:597:136":65,"s:598:20:598:Infinity":157,"s:599:20:599:Infinity":158,"f:601:35:601:47":58,"s:602:20:602:Infinity":159,"s:603:42:603:Infinity":160,"f:603:61:603:67":59,"s:603:67:603:101":161,"f:603:83:603:88":60,"s:603:88:603:99":162,"s:604:20:614:Infinity":163,"s:604:33:604:55":164,"s:605:38:605:Infinity":165,"s:606:24:606:Infinity":166,"f:606:41:606:49":61,"s:606:49:606:132":167,"f:606:58:606:59":62,"s:606:73:606:131":168,"b:606:85:606:127:606:127:606:131":66,"s:607:39:607:Infinity":169,"b:608:24:613:Infinity:610:31:613:Infinity":67,"s:608:24:613:Infinity":170,"s:609:28:609:Infinity":171,"f:609:45:609:53":63,"s:609:53:609:144":172,"f:609:62:609:63":64,"s:609:77:609:143":173,"b:609:89:609:139:609:139:609:143":68,"s:611:28:611:Infinity":174,"f:611:45:611:53":65,"s:611:53:611:164":175,"f:611:62:611:63":66,"s:611:77:611:163":176,"b:611:89:611:159:611:159:611:163":69,"b:611:135:611:145:611:145:611:155":70,"s:612:28:612:Infinity":177,"b:620:17:620:Infinity:621:20:676:Infinity":71,"f:625:37:625:43":67,"s:625:43:625:Infinity":178,"b:625:43:625:59:625:59:625:Infinity":72,"f:657:45:657:51":68,"s:657:51:657:Infinity":179,"b:669:40:669:Infinity:671:40:671:Infinity":73,"b:682:17:682:Infinity:683:20:728:Infinity":74,"f:687:37:687:43":69,"s:687:43:687:Infinity":180,"f:701:53:701:59":70,"s:701:59:701:94":181,"f:716:53:716:59":71,"s:716:59:716:94":182,"f:720:49:720:55":72,"s:720:57:720:102":183,"s:720:102:720:137":184}}}
,"F:\\WinOpt\\WinOptimizerRevamp\\src\\store\\appStore.ts": {"path":"F:\\WinOpt\\WinOptimizerRevamp\\src\\store\\appStore.ts","statementMap":{"0":{"start":{"line":114,"column":13},"end":{"line":184,"column":null}},"1":{"start":{"line":116,"column":14},"end":{"line":175,"column":null}},"2":{"start":{"line":138,"column":8},"end":{"line":142,"column":null}},"3":{"start":{"line":138,"column":20},"end":{"line":142,"column":10}},"4":{"start":{"line":145,"column":8},"end":{"line":147,"column":null}},"5":{"start":{"line":145,"column":20},"end":{"line":147,"column":10}},"6":{"start":{"line":146,"column":55},"end":{"line":146,"column":63}},"7":{"start":{"line":150,"column":8},"end":{"line":152,"column":null}},"8":{"start":{"line":150,"column":20},"end":{"line":152,"column":10}},"9":{"start":{"line":156,"column":8},"end":{"line":160,"column":null}},"10":{"start":{"line":156,"column":20},"end":{"line":160,"column":10}},"11":{"start":{"line":158,"column":45},"end":{"line":158,"column":53}},"12":{"start":{"line":162,"column":33},"end":{"line":162,"column":null}},"13":{"start":{"line":164,"column":35},"end":{"line":164,"column":null}},"14":{"start":{"line":167,"column":8},"end":{"line":169,"column":null}},"15":{"start":{"line":167,"column":20},"end":{"line":169,"column":10}},"16":{"start":{"line":172,"column":8},"end":{"line":172,"column":null}},"17":{"start":{"line":174,"column":27},"end":{"line":174,"column":null}},"18":{"start":{"line":178,"column":30},"end":{"line":181,"column":null}}},"fnMap":{"0":{"name":"(anonymous_0)","decl":{"start":{"line":116,"column":4},"end":{"line":116,"column":5}},"loc":{"start":{"line":116,"column":14},"end":{"line":175,"column":null}},"line":116},"1":{"name":"(anonymous_1)","decl":{"start":{"line":137,"column":23},"end":{"line":137,"column":24}},"loc":{"start":{"line":138,"column":8},"end":{"line":142,"column":null}},"line":138},"2":{"name":"(anonymous_2)","decl":{"start":{"line":138,"column":12},"end":{"line":138,"column":13}},"loc":{"start":{"line":138,"column":20},"end":{"line":142,"column":10}},"line":138},"3":{"name":"(anonymous_3)","decl":{"start":{"line":144,"column":26},"end":{"line":144,"column":27}},"loc":{"start":{"line":145,"column":8},"end":{"line":147,"column":null}},"line":145},"4":{"name":"(anonymous_4)","decl":{"start":{"line":145,"column":12},"end":{"line":145,"column":13}},"loc":{"start":{"line":145,"column":20},"end":{"line":147,"column":10}},"line":145},"5":{"name":"(anonymous_5)","decl":{"start":{"line":146,"column":48},"end":{"line":146,"column":49}},"loc":{"start":{"line":146,"column":55},"end":{"line":146,"column":63}},"line":146},"6":{"name":"(anonymous_6)","decl":{"start":{"line":149,"column":22},"end":{"line":149,"column":23}},"loc":{"start":{"line":150,"column":8},"end":{"line":152,"column":null}},"line":150},"7":{"name":"(anonymous_7)","decl":{"start":{"line":150,"column":12},"end":{"line":150,"column":13}},"loc":{"start":{"line":150,"column":20},"end":{"line":152,"column":10}},"line":150},"8":{"name":"(anonymous_8)","decl":{"start":{"line":155,"column":27},"end":{"line":155,"column":28}},"loc":{"start":{"line":156,"column":8},"end":{"line":160,"column":null}},"line":156},"9":{"name":"(anonymous_9)","decl":{"start":{"line":156,"column":12},"end":{"line":156,"column":13}},"loc":{"start":{"line":156,"column":20},"end":{"line":160,"column":10}},"line":156},"10":{"name":"(anonymous_10)","decl":{"start":{"line":158,"column":38},"end":{"line":158,"column":39}},"loc":{"start":{"line":158,"column":45},"end":{"line":158,"column":53}},"line":158},"11":{"name":"(anonymous_11)","decl":{"start":{"line":162,"column":27},"end":{"line":162,"column":33}},"loc":{"start":{"line":162,"column":33},"end":{"line":162,"column":null}},"line":162},"12":{"name":"(anonymous_12)","decl":{"start":{"line":164,"column":23},"end":{"line":164,"column":24}},"loc":{"start":{"line":164,"column":35},"end":{"line":164,"column":null}},"line":164},"13":{"name":"(anonymous_13)","decl":{"start":{"line":166,"column":26},"end":{"line":166,"column":27}},"loc":{"start":{"line":167,"column":8},"end":{"line":169,"column":null}},"line":167},"14":{"name":"(anonymous_14)","decl":{"start":{"line":167,"column":12},"end":{"line":167,"column":13}},"loc":{"start":{"line":167,"column":20},"end":{"line":169,"column":10}},"line":167},"15":{"name":"(anonymous_15)","decl":{"start":{"line":171,"column":20},"end":{"line":171,"column":21}},"loc":{"start":{"line":172,"column":8},"end":{"line":172,"column":null}},"line":172},"16":{"name":"(anonymous_16)","decl":{"start":{"line":174,"column":16},"end":{"line":174,"column":17}},"loc":{"start":{"line":174,"column":27},"end":{"line":174,"column":null}},"line":174},"17":{"name":"(anonymous_17)","decl":{"start":{"line":178,"column":18},"end":{"line":178,"column":19}},"loc":{"start":{"line":178,"column":30},"end":{"line":181,"column":null}},"line":178}},"branchMap":{"0":{"loc":{"start":{"line":139,"column":25},"end":{"line":141,"column":null}},"type":"cond-expr","locations":[{"start":{"line":140,"column":14},"end":{"line":140,"column":null}},{"start":{"line":141,"column":14},"end":{"line":141,"column":null}}],"line":139},"1":{"loc":{"start":{"line":157,"column":26},"end":{"line":159,"column":null}},"type":"cond-expr","locations":[{"start":{"line":158,"column":14},"end":{"line":158,"column":null}},{"start":{"line":159,"column":14},"end":{"line":159,"column":null}}],"line":157},"2":{"loc":{"start":{"line":171,"column":32},"end":{"line":171,"column":null}},"type":"default-arg","locations":[{"start":{"line":171,"column":42},"end":{"line":171,"column":null}}],"line":171}},"s":{"0":4,"1":4,"2":7,"3":7,"4":7,"5":7,"6":7,"7":0,"8":0,"9":0,"10":0,"11":0,"12":0,"13":20,"14":77,"15":77,"16":38,"17":17,"18":211},"f":{"0":4,"1":7,"2":7,"3":7,"4":7,"5":7,"6":0,"7":0,"8":0,"9":0,"10":0,"11":0,"12":20,"13":77,"14":77,"15":38,"16":17,"17":211},"b":{"0":[0,7],"1":[0,0],"2":[38]},"meta":{"lastBranch":3,"lastFunction":18,"lastStatement":19,"seen":{"s:114:13:184:Infinity":0,"f:116:4:116:5":0,"s:116:14:175:Infinity":1,"f:137:23:137:24":1,"s:138:8:142:Infinity":2,"f:138:12:138:13":2,"s:138:20:142:10":3,"b:140:14:140:Infinity:141:14:141:Infinity":0,"f:144:26:144:27":3,"s:145:8:147:Infinity":4,"f:145:12:145:13":4,"s:145:20:147:10":5,"f:146:48:146:49":5,"s:146:55:146:63":6,"f:149:22:149:23":6,"s:150:8:152:Infinity":7,"f:150:12:150:13":7,"s:150:20:152:10":8,"f:155:27:155:28":8,"s:156:8:160:Infinity":9,"f:156:12:156:13":9,"s:156:20:160:10":10,"b:158:14:158:Infinity:159:14:159:Infinity":1,"f:158:38:158:39":10,"s:158:45:158:53":11,"f:162:27:162:33":11,"s:162:33:162:Infinity":12,"f:164:23:164:24":12,"s:164:35:164:Infinity":13,"f:166:26:166:27":13,"s:167:8:169:Infinity":14,"f:167:12:167:13":14,"s:167:20:169:10":15,"f:171:20:171:21":15,"s:172:8:172:Infinity":16,"b:171:42:171:Infinity":2,"f:174:16:174:17":16,"s:174:27:174:Infinity":17,"f:178:18:178:19":17,"s:178:30:181:Infinity":18}}}
}
