TN:
SF:src\App.tsx
FN:18,App
FN:24,(anonymous_1)
FN:28,(anonymous_2)
FN:34,(anonymous_3)
FN:35,(anonymous_4)
FN:42,(anonymous_5)
FN:46,(anonymous_6)
FN:66,(anonymous_7)
FN:71,(anonymous_8)
FN:81,(anonymous_9)
FNF:10
FNH:0
FNDA:0,App
FNDA:0,(anonymous_1)
FNDA:0,(anonymous_2)
FNDA:0,(anonymous_3)
FNDA:0,(anonymous_4)
FNDA:0,(anonymous_5)
FNDA:0,(anonymous_6)
FNDA:0,(anonymous_7)
FNDA:0,(anonymous_8)
FNDA:0,(anonymous_9)
DA:19,0
DA:20,0
DA:21,0
DA:24,0
DA:25,0
DA:28,0
DA:29,0
DA:30,0
DA:34,0
DA:35,0
DA:36,0
DA:37,0
DA:38,0
DA:41,0
DA:42,0
DA:45,0
DA:46,0
DA:66,0
DA:67,0
DA:68,0
DA:71,0
DA:72,0
DA:76,0
DA:81,0
LF:24
LH:0
BRDA:36,0,0,0
BRDA:36,0,1,0
BRDA:36,1,0,0
BRDA:36,1,1,0
BRDA:36,1,2,0
BRDA:84,2,0,0
BRDA:84,2,1,0
BRF:7
BRH:0
end_of_record
TN:
SF:src\components\CommandPalette.tsx
FN:6,(anonymous_0)
FN:17,CommandPalette
FN:23,(anonymous_2)
FN:40,(anonymous_3)
FN:45,(anonymous_4)
FN:49,(anonymous_5)
FN:53,(anonymous_6)
FN:57,(anonymous_7)
FN:58,(anonymous_8)
FN:66,(anonymous_9)
FN:69,(anonymous_10)
FN:80,(anonymous_11)
FN:105,(anonymous_12)
FN:116,(anonymous_13)
FN:128,(anonymous_14)
FN:133,(anonymous_15)
FN:139,(anonymous_16)
FN:145,(anonymous_17)
FN:146,(anonymous_18)
FNF:19
FNH:14
FNDA:184,(anonymous_0)
FNDA:91,CommandPalette
FNDA:11011,(anonymous_2)
FNDA:0,(anonymous_3)
FNDA:7,(anonymous_4)
FNDA:6,(anonymous_5)
FNDA:49,(anonymous_6)
FNDA:49,(anonymous_7)
FNDA:44,(anonymous_8)
FNDA:0,(anonymous_9)
FNDA:0,(anonymous_10)
FNDA:49,(anonymous_11)
FNDA:4,(anonymous_12)
FNDA:42,(anonymous_13)
FNDA:292,(anonymous_14)
FNDA:184,(anonymous_15)
FNDA:292,(anonymous_16)
FNDA:0,(anonymous_17)
FNDA:0,(anonymous_18)
DA:6,1
DA:7,184
DA:8,50
DA:9,34
DA:10,26
DA:11,18
DA:12,34
DA:13,22
DA:18,91
DA:19,91
DA:20,91
DA:23,91
DA:24,11011
DA:26,11011
DA:29,11011
DA:30,11011
DA:31,0
DA:33,11011
DA:34,0
DA:36,11011
DA:37,0
DA:40,11011
DA:42,11011
DA:45,91
DA:46,7
DA:47,6
DA:48,6
DA:49,6
DA:53,91
DA:54,49
DA:57,91
DA:58,49
DA:59,44
DA:61,44
DA:62,1
DA:63,1
DA:64,43
DA:65,0
DA:66,0
DA:67,43
DA:68,0
DA:69,0
DA:70,43
DA:71,1
DA:72,1
DA:73,1
DA:74,1
DA:79,49
DA:80,49
DA:83,91
DA:105,4
DA:116,42
DA:129,292
DA:130,292
DA:131,292
DA:134,184
DA:140,292
DA:141,292
DA:145,0
DA:147,0
DA:148,0
LF:61
LH:51
BRDA:7,0,0,50
BRDA:7,0,1,34
BRDA:7,0,2,26
BRDA:7,0,3,18
BRDA:7,0,4,34
BRDA:7,0,5,22
BRDA:30,1,0,0
BRDA:30,1,1,11011
BRDA:30,2,0,11011
BRDA:30,2,1,11011
BRDA:30,2,2,11011
BRDA:33,3,0,0
BRDA:33,3,1,11011
BRDA:33,4,0,11011
BRDA:33,4,1,11011
BRDA:33,4,2,11011
BRDA:36,5,0,0
BRDA:36,5,1,11011
BRDA:36,6,0,11011
BRDA:36,6,1,11011
BRDA:42,7,0,11011
BRDA:42,7,1,8054
BRDA:46,8,0,6
BRDA:46,8,1,1
BRDA:59,9,0,0
BRDA:59,9,1,44
BRDA:61,10,0,1
BRDA:61,10,1,43
BRDA:64,11,0,0
BRDA:64,11,1,43
BRDA:66,12,0,0
BRDA:66,12,1,0
BRDA:67,13,0,0
BRDA:67,13,1,43
BRDA:69,14,0,0
BRDA:69,14,1,0
BRDA:70,15,0,1
BRDA:70,15,1,42
BRDA:72,16,0,1
BRDA:72,16,1,0
BRDA:85,17,0,91
BRDA:85,17,1,90
BRDA:125,18,0,52
BRDA:125,18,1,38
BRDA:129,19,0,184
BRDA:129,19,1,108
BRDA:144,20,0,52
BRDA:144,20,1,240
BRDA:152,21,0,52
BRDA:152,21,1,240
BRDA:159,22,0,292
BRDA:159,22,1,52
BRF:52
BRH:41
end_of_record
TN:
SF:src\components\ConfirmDeployModal.tsx
FN:20,(anonymous_0)
FN:34,ConfirmDeployModal
FN:44,(anonymous_2)
FN:117,(anonymous_3)
FNF:4
FNH:4
FNDA:243,(anonymous_0)
FNDA:56,ConfirmDeployModal
FNDA:243,(anonymous_2)
FNDA:243,(anonymous_3)
DA:20,2
DA:21,243
DA:26,243
DA:27,243
DA:41,56
DA:43,3
DA:45,243
DA:46,243
DA:51,3
DA:52,56
DA:54,56
DA:118,243
LF:12
LH:12
BRDA:26,0,0,243
BRDA:26,0,1,0
BRDA:39,1,0,56
BRDA:41,2,0,53
BRDA:41,2,1,3
BRDA:45,3,0,243
BRDA:45,3,1,3
BRDA:51,4,0,3
BRDA:51,4,1,3
BRDA:52,5,0,56
BRDA:52,5,1,3
BRDA:56,6,0,56
BRDA:56,6,1,3
BRDA:83,7,0,3
BRDA:83,7,1,0
BRDA:93,8,0,3
BRDA:93,8,1,3
BRDA:93,8,2,0
BRDA:98,9,0,0
BRDA:98,9,1,0
BRDA:104,10,0,0
BRDA:104,10,1,0
BRDA:108,11,0,0
BRDA:108,11,1,0
BRDA:136,12,0,3
BRDA:136,12,1,3
BRDA:141,13,0,3
BRDA:141,13,1,0
BRDA:146,14,0,3
BRDA:146,14,1,0
BRDA:165,15,0,0
BRDA:165,15,1,3
BRF:32
BRH:20
end_of_record
TN:
SF:src\components\ErrorBoundary.tsx
FN:22,(anonymous_0)
FN:27,(anonymous_1)
FN:31,(anonymous_2)
FN:35,(anonymous_3)
FN:39,(anonymous_4)
FNF:5
FNH:0
FNDA:0,(anonymous_0)
FNDA:0,(anonymous_1)
FNDA:0,(anonymous_2)
FNDA:0,(anonymous_3)
FNDA:0,(anonymous_4)
DA:23,0
DA:24,0
DA:28,0
DA:32,0
DA:35,0
DA:36,0
DA:40,0
DA:41,0
DA:43,0
DA:70,0
LF:10
LH:0
BRDA:40,0,0,0
BRDA:40,0,1,0
BRDA:41,1,0,0
BRDA:41,1,1,0
BRDA:54,2,0,0
BRDA:54,2,1,0
BRF:6
BRH:0
end_of_record
TN:
SF:src\components\ExpertModeGate.tsx
FN:18,ExpertModeGate
FN:19,(anonymous_1)
FN:20,(anonymous_2)
FN:49,(anonymous_3)
FN:65,(anonymous_4)
FN:79,(anonymous_5)
FN:94,(anonymous_6)
FN:98,(anonymous_7)
FNF:8
FNH:0
FNDA:0,ExpertModeGate
FNDA:0,(anonymous_1)
FNDA:0,(anonymous_2)
FNDA:0,(anonymous_3)
FNDA:0,(anonymous_4)
FNDA:0,(anonymous_5)
FNDA:0,(anonymous_6)
FNDA:0,(anonymous_7)
DA:19,0
DA:20,0
DA:21,0
DA:23,0
DA:24,0
DA:27,0
DA:28,0
DA:31,0
DA:49,0
DA:65,0
DA:79,0
DA:94,0
DA:98,0
LF:13
LH:0
BRDA:18,0,0,0
BRDA:23,1,0,0
BRDA:23,1,1,0
BRDA:27,2,0,0
BRDA:27,2,1,0
BRDA:46,3,0,0
BRDA:46,3,1,0
BRDA:60,4,0,0
BRDA:60,4,1,0
BRF:9
BRH:0
end_of_record
TN:
SF:src\components\OnboardingModal.tsx
FN:26,(anonymous_0)
FN:43,(anonymous_1)
FN:78,(anonymous_2)
FN:90,(anonymous_3)
FN:136,(anonymous_4)
FN:159,(anonymous_5)
FN:179,OnboardingModal
FN:184,(anonymous_7)
FN:186,(anonymous_8)
FN:264,(anonymous_9)
FN:267,(anonymous_10)
FNF:11
FNH:11
FNDA:2,(anonymous_0)
FNDA:2,(anonymous_1)
FNDA:3,(anonymous_2)
FNDA:3,(anonymous_3)
FNDA:3,(anonymous_4)
FNDA:3,(anonymous_5)
FNDA:14,OnboardingModal
FNDA:6,(anonymous_7)
FNDA:5,(anonymous_8)
FNDA:39,(anonymous_9)
FNDA:1,(anonymous_10)
DA:5,1
DA:27,2
DA:44,2
DA:79,3
DA:91,3
DA:137,3
DA:160,3
DA:180,14
DA:182,14
DA:184,13
DA:185,6
DA:186,5
DA:188,1
DA:192,13
DA:194,13
DA:265,39
DA:267,1
LF:17
LH:17
BRDA:96,0,0,2
BRDA:96,0,1,1
BRDA:96,1,0,2
BRDA:96,1,1,1
BRDA:182,2,0,1
BRDA:182,2,1,13
BRDA:185,3,0,5
BRDA:185,3,1,1
BRDA:268,4,0,13
BRDA:268,4,1,26
BRDA:278,5,0,3
BRDA:278,5,1,10
BRF:12
BRH:12
end_of_record
TN:
SF:src\components\ProgressModal.tsx
FN:23,(anonymous_0)
FN:36,ProgressModal
FN:44,(anonymous_2)
FN:45,(anonymous_3)
FN:47,(anonymous_4)
FN:107,(anonymous_5)
FNF:6
FNH:1
FNDA:0,(anonymous_0)
FNDA:56,ProgressModal
FNDA:0,(anonymous_2)
FNDA:0,(anonymous_3)
FNDA:0,(anonymous_4)
FNDA:0,(anonymous_5)
DA:23,2
DA:24,0
DA:26,0
DA:28,0
DA:30,0
DA:32,0
DA:44,56
DA:45,56
DA:46,56
DA:47,56
DA:48,56
DA:50,56
DA:108,0
LF:13
LH:7
BRDA:24,0,0,0
BRDA:24,0,1,0
BRDA:24,0,2,0
BRDA:24,0,3,0
BRDA:42,1,0,56
BRDA:47,2,0,0
BRDA:47,2,1,0
BRDA:48,3,0,0
BRDA:48,3,1,56
BRDA:52,4,0,56
BRDA:52,4,1,0
BRDA:71,5,0,0
BRDA:71,5,1,0
BRDA:72,6,0,0
BRDA:72,6,1,0
BRDA:79,7,0,0
BRDA:79,7,1,0
BRDA:82,8,0,0
BRDA:82,8,1,0
BRDA:96,9,0,0
BRDA:96,9,1,0
BRDA:110,10,0,0
BRDA:110,10,1,0
BRDA:112,11,0,0
BRDA:112,11,1,0
BRDA:114,12,0,0
BRDA:114,12,1,0
BRDA:124,13,0,0
BRDA:124,13,1,0
BRDA:124,13,2,0
BRDA:129,14,0,0
BRDA:129,14,1,0
BRDA:129,14,2,0
BRDA:131,15,0,0
BRDA:131,15,1,0
BRDA:140,16,0,0
BRDA:140,16,1,0
BRDA:142,17,0,0
BRDA:142,17,1,0
BRDA:151,18,0,0
BRDA:151,18,1,0
BRDA:164,19,0,0
BRDA:164,19,1,0
BRDA:164,19,2,0
BRF:44
BRH:3
end_of_record
TN:
SF:src\components\ToastSystem.tsx
FN:26,useToast
FN:31,(anonymous_1)
FN:32,(anonymous_2)
FN:42,ToastProvider
FN:45,(anonymous_4)
FN:46,(anonymous_5)
FN:46,(anonymous_6)
FN:50,(anonymous_7)
FN:53,(anonymous_8)
FN:55,(anonymous_9)
FN:85,ToastContainer
FN:95,(anonymous_11)
FN:114,(anonymous_12)
FNF:13
FNH:1
FNDA:56,useToast
FNDA:0,(anonymous_1)
FNDA:0,(anonymous_2)
FNDA:0,ToastProvider
FNDA:0,(anonymous_4)
FNDA:0,(anonymous_5)
FNDA:0,(anonymous_6)
FNDA:0,(anonymous_7)
FNDA:0,(anonymous_8)
FNDA:0,(anonymous_9)
FNDA:0,ToastContainer
FNDA:0,(anonymous_11)
FNDA:0,(anonymous_12)
DA:24,2
DA:27,56
DA:28,56
DA:30,56
DA:35,0
DA:40,2
DA:43,0
DA:45,0
DA:46,0
DA:49,0
DA:51,0
DA:52,0
DA:53,0
DA:54,0
DA:55,0
DA:61,0
DA:71,2
DA:78,2
DA:92,0
DA:96,0
DA:114,0
LF:21
LH:7
BRDA:28,0,0,56
BRDA:28,0,1,0
BRDA:52,1,0,0
BRDA:52,1,1,0
BRDA:54,2,0,0
BRDA:54,2,1,0
BRDA:107,3,0,0
BRDA:107,3,1,0
BRF:8
BRH:1
end_of_record
TN:
SF:src\components\layout\MainLayout.tsx
FN:5,MainLayout
FNF:1
FNH:0
FNDA:0,MainLayout
DA:14,0
LF:1
LH:0
BRF:0
BRH:0
end_of_record
TN:
SF:src\components\layout\Sidebar.tsx
FN:50,Sidebar
FN:54,(anonymous_1)
FN:60,(anonymous_2)
FN:111,(anonymous_3)
FN:143,(anonymous_4)
FN:152,(anonymous_5)
FN:154,(anonymous_6)
FN:158,(anonymous_7)
FN:167,(anonymous_8)
FN:171,(anonymous_9)
FNF:10
FNH:0
FNDA:0,Sidebar
FNDA:0,(anonymous_1)
FNDA:0,(anonymous_2)
FNDA:0,(anonymous_3)
FNDA:0,(anonymous_4)
FNDA:0,(anonymous_5)
FNDA:0,(anonymous_6)
FNDA:0,(anonymous_7)
FNDA:0,(anonymous_8)
FNDA:0,(anonymous_9)
DA:12,0
DA:28,0
DA:40,0
DA:51,0
DA:52,0
DA:54,0
DA:55,0
DA:56,0
DA:60,0
DA:96,0
DA:111,0
DA:143,0
DA:152,0
DA:155,0
DA:158,0
DA:167,0
DA:171,0
LF:17
LH:0
BRDA:61,0,0,0
BRDA:61,0,1,0
BRDA:66,1,0,0
BRDA:66,1,1,0
BRDA:75,2,0,0
BRDA:75,2,1,0
BRDA:80,3,0,0
BRDA:80,3,1,0
BRDA:85,4,0,0
BRDA:85,4,1,0
BRDA:87,5,0,0
BRDA:87,5,1,0
BRDA:88,6,0,0
BRDA:88,6,1,0
BRDA:143,7,0,0
BRDA:143,7,1,0
BRDA:147,8,0,0
BRDA:147,8,1,0
BRDA:150,9,0,0
BRDA:150,9,1,0
BRDA:159,10,0,0
BRDA:159,10,1,0
BRDA:171,11,0,0
BRDA:171,11,1,0
BRF:24
BRH:0
end_of_record
TN:
SF:src\hooks\useElevation.ts
FN:7,useElevation
FN:11,(anonymous_1)
FNF:2
FNH:0
FNDA:0,useElevation
FNDA:0,(anonymous_1)
DA:8,0
DA:9,0
DA:11,0
DA:12,0
DA:13,0
DA:14,0
DA:15,0
DA:16,0
DA:18,0
DA:19,0
DA:20,0
DA:22,0
DA:26,0
LF:13
LH:0
BRF:0
BRH:0
end_of_record
TN:
SF:src\hooks\useNetwork.ts
FN:22,useNetwork
FN:31,(anonymous_1)
FN:44,(anonymous_2)
FN:47,(anonymous_3)
FN:50,(anonymous_4)
FNF:5
FNH:0
FNDA:0,useNetwork
FNDA:0,(anonymous_1)
FNDA:0,(anonymous_2)
FNDA:0,(anonymous_3)
FNDA:0,(anonymous_4)
DA:23,0
DA:24,0
DA:25,0
DA:27,0
DA:28,0
DA:29,0
DA:31,0
DA:32,0
DA:33,0
DA:34,0
DA:35,0
DA:37,0
DA:38,0
DA:40,0
DA:44,0
DA:45,0
DA:46,0
DA:47,0
DA:50,0
DA:51,0
DA:52,0
DA:53,0
DA:54,0
DA:56,0
DA:57,0
DA:58,0
DA:60,0
DA:62,0
DA:66,0
LF:29
LH:0
BRDA:38,0,0,0
BRDA:38,0,1,0
BRDA:51,1,0,0
BRDA:51,1,1,0
BRDA:60,2,0,0
BRDA:60,2,1,0
BRF:6
BRH:0
end_of_record
TN:
SF:src\hooks\useProcesses.ts
FN:15,useProcesses
FN:21,(anonymous_1)
FN:35,(anonymous_2)
FN:40,(anonymous_3)
FN:43,(anonymous_4)
FN:65,(anonymous_5)
FN:85,(anonymous_6)
FNF:7
FNH:0
FNDA:0,useProcesses
FNDA:0,(anonymous_1)
FNDA:0,(anonymous_2)
FNDA:0,(anonymous_3)
FNDA:0,(anonymous_4)
FNDA:0,(anonymous_5)
FNDA:0,(anonymous_6)
DA:16,0
DA:17,0
DA:18,0
DA:19,0
DA:21,0
DA:22,0
DA:23,0
DA:24,0
DA:25,0
DA:27,0
DA:28,0
DA:30,0
DA:35,0
DA:36,0
DA:39,0
DA:40,0
DA:43,0
DA:44,0
DA:45,0
DA:46,0
DA:52,0
DA:53,0
DA:55,0
DA:56,0
DA:61,0
DA:65,0
DA:66,0
DA:67,0
DA:68,0
DA:73,0
DA:75,0
DA:76,0
DA:81,0
DA:85,0
DA:86,0
DA:87,0
DA:88,0
DA:90,0
DA:91,0
DA:96,0
DA:100,0
LF:41
LH:0
BRDA:28,0,0,0
BRDA:28,0,1,0
BRDA:59,1,0,0
BRDA:59,1,1,0
BRDA:79,2,0,0
BRDA:79,2,1,0
BRDA:94,3,0,0
BRDA:94,3,1,0
BRF:8
BRH:0
end_of_record
TN:
SF:src\hooks\useStartupItems.ts
FN:13,useStartupItems
FN:19,(anonymous_1)
FN:34,(anonymous_2)
FN:38,(anonymous_3)
FN:45,(anonymous_4)
FN:46,(anonymous_5)
FNF:6
FNH:0
FNDA:0,useStartupItems
FNDA:0,(anonymous_1)
FNDA:0,(anonymous_2)
FNDA:0,(anonymous_3)
FNDA:0,(anonymous_4)
FNDA:0,(anonymous_5)
DA:14,0
DA:15,0
DA:16,0
DA:17,0
DA:19,0
DA:20,0
DA:21,0
DA:22,0
DA:23,0
DA:24,0
DA:26,0
DA:27,0
DA:28,0
DA:30,0
DA:34,0
DA:35,0
DA:38,0
DA:39,0
DA:40,0
DA:45,0
DA:46,0
DA:48,0
DA:53,0
DA:54,0
DA:56,0
DA:60,0
LF:26
LH:0
BRDA:27,0,0,0
BRDA:27,0,1,0
BRDA:46,1,0,0
BRDA:46,1,1,0
BRDA:50,2,0,0
BRDA:50,2,1,0
BRF:6
BRH:0
end_of_record
TN:
SF:src\hooks\useStorage.ts
FN:27,useStorage
FN:35,(anonymous_1)
FN:41,(anonymous_2)
FN:57,(anonymous_3)
FN:61,(anonymous_4)
FNF:5
FNH:0
FNDA:0,useStorage
FNDA:0,(anonymous_1)
FNDA:0,(anonymous_2)
FNDA:0,(anonymous_3)
FNDA:0,(anonymous_4)
DA:28,0
DA:29,0
DA:30,0
DA:31,0
DA:32,0
DA:33,0
DA:35,0
DA:36,0
DA:37,0
DA:38,0
DA:39,0
DA:42,0
DA:43,0
DA:46,0
DA:47,0
DA:49,0
DA:50,0
DA:51,0
DA:53,0
DA:57,0
DA:58,0
DA:61,0
DA:62,0
DA:64,0
DA:65,0
DA:66,0
DA:70,0
DA:72,0
DA:73,0
DA:79,0
DA:86,0
DA:87,0
DA:91,0
DA:94,0
DA:95,0
DA:96,0
DA:98,0
DA:102,0
LF:38
LH:0
BRDA:50,0,0,0
BRDA:50,0,1,0
BRDA:62,1,0,0
BRDA:62,1,1,0
BRDA:72,2,0,0
BRDA:72,2,1,0
BRDA:86,3,0,0
BRDA:86,3,1,0
BRF:8
BRH:0
end_of_record
TN:
SF:src\hooks\useSystemVitals.ts
FN:9,useSystemVitals
FN:10,(anonymous_1)
FN:11,(anonymous_2)
FN:12,(anonymous_3)
FN:13,(anonymous_4)
FN:16,(anonymous_5)
FN:25,(anonymous_6)
FN:33,(anonymous_7)
FNF:8
FNH:8
FNDA:41,useSystemVitals
FNDA:143,(anonymous_1)
FNDA:143,(anonymous_2)
FNDA:143,(anonymous_3)
FNDA:143,(anonymous_4)
FNDA:21,(anonymous_5)
FNDA:19,(anonymous_6)
FNDA:19,(anonymous_7)
DA:10,143
DA:11,143
DA:12,143
DA:13,143
DA:14,41
DA:16,41
DA:17,21
DA:18,21
DA:19,20
DA:21,1
DA:25,41
DA:27,19
DA:29,19
DA:30,17
DA:33,19
DA:34,19
DA:35,17
DA:40,41
LF:18
LH:18
BRDA:29,0,0,17
BRDA:29,0,1,2
BRDA:34,1,0,17
BRDA:34,1,1,2
BRF:4
BRH:4
end_of_record
TN:
SF:src\hooks\useTheme.tsx
FN:24,(anonymous_0)
FN:25,(anonymous_1)
FN:30,ThemeProvider
FN:39,(anonymous_3)
FN:43,(anonymous_4)
FN:46,(anonymous_5)
FN:60,(anonymous_6)
FN:64,(anonymous_7)
FN:77,(anonymous_8)
FNF:9
FNH:7
FNDA:0,(anonymous_0)
FNDA:0,(anonymous_1)
FNDA:11,ThemeProvider
FNDA:6,(anonymous_3)
FNDA:6,(anonymous_4)
FNDA:11,(anonymous_5)
FNDA:3,(anonymous_6)
FNDA:2,(anonymous_7)
FNDA:12,(anonymous_8)
DA:21,1
DA:24,0
DA:25,0
DA:28,1
DA:38,11
DA:39,6
DA:42,11
DA:43,6
DA:46,11
DA:47,11
DA:49,11
DA:50,11
DA:53,11
DA:54,11
DA:57,11
DA:61,3
DA:62,3
DA:65,2
DA:66,2
DA:70,11
DA:77,1
DA:78,12
DA:80,12
DA:81,0
DA:83,12
LF:25
LH:22
BRDA:32,0,0,11
BRDA:33,1,0,11
BRDA:34,2,0,11
BRDA:35,3,0,11
BRDA:39,4,0,6
BRDA:39,4,1,6
BRDA:43,5,0,6
BRDA:43,5,1,6
BRDA:80,6,0,0
BRDA:80,6,1,12
BRF:10
BRH:9
end_of_record
TN:
SF:src\hooks\useTweakExecution.ts
FN:19,useTweakExecution
FN:32,(anonymous_1)
FN:66,(anonymous_2)
FN:100,(anonymous_3)
FN:117,(anonymous_4)
FN:164,(anonymous_5)
FNF:6
FNH:6
FNDA:111,useTweakExecution
FNDA:7,(anonymous_1)
FNDA:4,(anonymous_2)
FNDA:63,(anonymous_3)
FNDA:2,(anonymous_4)
FNDA:2,(anonymous_5)
DA:28,111
DA:31,111
DA:33,7
DA:34,7
DA:35,7
DA:36,7
DA:41,6
DA:42,4
DA:43,4
DA:45,2
DA:50,6
DA:52,1
DA:56,1
DA:58,7
DA:65,111
DA:67,4
DA:68,4
DA:69,4
DA:70,4
DA:75,4
DA:76,3
DA:77,3
DA:79,1
DA:84,4
DA:86,0
DA:90,0
DA:92,4
DA:99,111
DA:101,63
DA:102,63
DA:105,62
DA:106,62
DA:108,61
DA:109,61
DA:116,111
DA:120,2
DA:121,2
DA:122,2
DA:123,2
DA:125,2
DA:126,4
DA:127,4
DA:128,4
DA:129,4
DA:134,4
DA:135,4
DA:136,3
DA:137,3
DA:139,1
DA:140,1
DA:143,0
DA:151,0
DA:152,0
DA:156,2
DA:157,2
DA:163,111
DA:165,2
DA:166,2
DA:168,2
DA:169,4
DA:170,4
DA:171,4
DA:176,4
DA:177,4
DA:178,4
DA:179,4
DA:182,0
DA:193,2
DA:194,2
DA:199,111
LF:70
LH:64
BRDA:41,0,0,4
BRDA:41,0,1,2
BRDA:47,1,0,2
BRDA:47,1,1,0
BRDA:75,2,0,3
BRDA:75,2,1,1
BRDA:81,3,0,1
BRDA:81,3,1,0
BRDA:135,4,0,3
BRDA:135,4,1,1
BRDA:177,5,0,4
BRDA:177,5,1,0
BRF:12
BRH:9
end_of_record
TN:
SF:src\lib\utils.ts
FN:4,cn
FNF:1
FNH:0
FNDA:0,cn
DA:5,0
LF:1
LH:0
BRF:0
BRH:0
end_of_record
TN:
SF:src\pages\Dashboard.tsx
FN:13,(anonymous_0)
FN:64,(anonymous_1)
FN:75,(anonymous_2)
FN:82,computeHealthScore
FN:101,tempBadge
FN:108,ramBadge
FN:114,Dashboard
FN:123,(anonymous_7)
FN:128,(anonymous_8)
FN:130,(anonymous_9)
FN:325,(anonymous_10)
FN:347,(anonymous_11)
FN:349,(anonymous_12)
FN:351,(anonymous_13)
FN:357,(anonymous_14)
FN:357,(anonymous_15)
FN:360,(anonymous_16)
FN:360,(anonymous_17)
FN:362,(anonymous_18)
FN:362,(anonymous_19)
FN:376,(anonymous_20)
FN:377,(anonymous_21)
FN:380,(anonymous_22)
FN:381,(anonymous_23)
FN:381,(anonymous_24)
FN:387,(anonymous_25)
FN:389,(anonymous_26)
FN:392,(anonymous_27)
FN:392,(anonymous_28)
FN:395,(anonymous_29)
FN:395,(anonymous_30)
FN:397,(anonymous_31)
FN:397,(anonymous_32)
FNF:33
FNH:12
FNDA:26,(anonymous_0)
FNDA:130,(anonymous_1)
FNDA:130,(anonymous_2)
FNDA:26,computeHealthScore
FNDA:26,tempBadge
FNDA:26,ramBadge
FNDA:26,Dashboard
FNDA:89,(anonymous_7)
FNDA:3146,(anonymous_8)
FNDA:3,(anonymous_9)
FNDA:1,(anonymous_10)
FNDA:1,(anonymous_11)
FNDA:0,(anonymous_12)
FNDA:0,(anonymous_13)
FNDA:0,(anonymous_14)
FNDA:0,(anonymous_15)
FNDA:0,(anonymous_16)
FNDA:0,(anonymous_17)
FNDA:0,(anonymous_18)
FNDA:0,(anonymous_19)
FNDA:0,(anonymous_20)
FNDA:0,(anonymous_21)
FNDA:0,(anonymous_22)
FNDA:0,(anonymous_23)
FNDA:0,(anonymous_24)
FNDA:0,(anonymous_25)
FNDA:0,(anonymous_26)
FNDA:0,(anonymous_27)
FNDA:0,(anonymous_28)
FNDA:0,(anonymous_29)
FNDA:0,(anonymous_30)
FNDA:0,(anonymous_31)
FNDA:0,(anonymous_32)
DA:13,1
DA:14,26
DA:15,26
DA:16,26
DA:19,26
DA:20,26
DA:22,26
DA:64,1
DA:65,130
DA:75,1
DA:76,130
DA:83,26
DA:84,15
DA:86,15
DA:87,26
DA:88,15
DA:89,0
DA:91,15
DA:92,15
DA:93,0
DA:95,15
DA:96,0
DA:97,15
DA:102,26
DA:103,15
DA:104,15
DA:105,15
DA:109,26
DA:110,26
DA:111,26
DA:115,26
DA:118,26
DA:119,26
DA:120,26
DA:121,26
DA:123,89
DA:124,26
DA:125,26
DA:128,3146
DA:130,26
DA:131,3
DA:132,0
DA:133,0
DA:135,3
DA:138,26
DA:139,26
DA:142,26
DA:143,26
DA:144,26
DA:147,26
DA:148,26
DA:150,26
DA:151,26
DA:153,26
DA:325,1
DA:347,1
DA:350,0
DA:351,0
DA:352,0
DA:353,0
DA:355,0
DA:356,0
DA:357,0
DA:358,0
DA:359,0
DA:360,0
DA:362,0
DA:363,0
DA:364,0
DA:367,0
DA:376,0
DA:378,0
DA:379,0
DA:380,0
DA:381,0
DA:383,0
DA:384,0
DA:385,0
DA:388,0
DA:389,0
DA:390,0
DA:391,0
DA:392,0
DA:393,0
DA:394,0
DA:395,0
DA:397,0
DA:398,0
LF:88
LH:51
BRDA:19,0,0,15
BRDA:19,0,1,11
BRDA:19,1,0,0
BRDA:19,1,1,11
BRDA:19,2,0,0
BRDA:19,2,1,11
BRDA:20,3,0,15
BRDA:20,3,1,11
BRDA:20,4,0,0
BRDA:20,4,1,11
BRDA:64,5,0,130
BRDA:83,6,0,11
BRDA:83,6,1,15
BRDA:86,7,0,15
BRDA:86,7,1,0
BRDA:87,8,0,0
BRDA:87,8,1,15
BRDA:87,9,0,0
BRDA:87,9,1,15
BRDA:88,10,0,0
BRDA:88,10,1,15
BRDA:91,11,0,0
BRDA:91,11,1,15
BRDA:91,12,0,0
BRDA:91,12,1,15
BRDA:92,13,0,0
BRDA:92,13,1,15
BRDA:95,14,0,0
BRDA:95,14,1,15
BRDA:95,15,0,0
BRDA:95,15,1,15
BRDA:102,16,0,11
BRDA:102,16,1,15
BRDA:103,17,0,0
BRDA:103,17,1,15
BRDA:104,18,0,0
BRDA:104,18,1,15
BRDA:109,19,0,0
BRDA:109,19,1,26
BRDA:110,20,0,0
BRDA:110,20,1,26
BRDA:128,21,0,3146
BRDA:128,21,1,2106
BRDA:131,22,0,0
BRDA:131,22,1,3
BRDA:139,23,0,15
BRDA:139,23,1,11
BRDA:139,24,0,0
BRDA:139,24,1,11
BRDA:139,25,0,0
BRDA:139,25,1,11
BRDA:142,26,0,26
BRDA:142,26,1,11
BRDA:142,27,0,0
BRDA:142,27,1,11
BRDA:143,28,0,26
BRDA:143,28,1,11
BRDA:144,29,0,15
BRDA:144,29,1,11
BRDA:147,30,0,15
BRDA:147,30,1,11
BRDA:148,31,0,15
BRDA:148,31,1,11
BRDA:150,32,0,26
BRDA:150,32,1,11
BRDA:151,33,0,26
BRDA:151,33,1,11
BRDA:172,34,0,15
BRDA:172,34,1,11
BRDA:174,35,0,15
BRDA:174,35,1,11
BRDA:181,36,0,26
BRDA:181,36,1,11
BRDA:182,37,0,26
BRDA:182,37,1,0
BRDA:189,38,0,26
BRDA:189,38,1,2
BRDA:206,39,0,24
BRDA:206,39,1,2
BRDA:242,40,0,26
BRDA:242,40,1,11
BRDA:246,41,0,15
BRDA:246,41,1,11
BRDA:250,42,0,15
BRDA:250,42,1,11
BRDA:265,43,0,15
BRDA:265,43,1,11
BRDA:269,44,0,15
BRDA:269,44,1,11
BRDA:273,45,0,15
BRDA:273,45,1,11
BRDA:286,46,0,26
BRDA:286,46,1,0
BRDA:290,47,0,15
BRDA:290,47,1,11
BRDA:304,48,0,26
BRDA:304,48,1,11
BRDA:308,49,0,15
BRDA:308,49,1,11
BRDA:312,50,0,15
BRDA:312,50,1,11
BRDA:357,51,0,0
BRDA:357,51,1,0
BRDA:359,52,0,0
BRDA:359,52,1,0
BRDA:360,53,0,0
BRDA:360,53,1,0
BRDA:362,54,0,0
BRDA:362,54,1,0
BRDA:362,55,0,0
BRDA:362,55,1,0
BRDA:367,56,0,0
BRDA:367,56,1,0
BRDA:384,57,0,0
BRDA:384,57,1,0
BRDA:392,58,0,0
BRDA:392,58,1,0
BRDA:394,59,0,0
BRDA:394,59,1,0
BRDA:395,60,0,0
BRDA:395,60,1,0
BRDA:397,61,0,0
BRDA:397,61,1,0
BRDA:397,62,0,0
BRDA:397,62,1,0
BRF:125
BRH:79
end_of_record
TN:
SF:src\pages\HistoryPage.tsx
FN:10,HistoryPage
FN:17,(anonymous_1)
FN:29,(anonymous_2)
FN:31,(anonymous_3)
FN:42,(anonymous_4)
FN:45,(anonymous_5)
FN:53,(anonymous_6)
FN:62,(anonymous_7)
FN:101,(anonymous_8)
FN:104,(anonymous_9)
FN:127,(anonymous_10)
FN:144,(anonymous_11)
FN:155,(anonymous_12)
FN:178,(anonymous_13)
FNF:14
FNH:0
FNDA:0,HistoryPage
FNDA:0,(anonymous_1)
FNDA:0,(anonymous_2)
FNDA:0,(anonymous_3)
FNDA:0,(anonymous_4)
FNDA:0,(anonymous_5)
FNDA:0,(anonymous_6)
FNDA:0,(anonymous_7)
FNDA:0,(anonymous_8)
FNDA:0,(anonymous_9)
FNDA:0,(anonymous_10)
FNDA:0,(anonymous_11)
FNDA:0,(anonymous_12)
FNDA:0,(anonymous_13)
DA:11,0
DA:12,0
DA:13,0
DA:14,0
DA:15,0
DA:17,0
DA:18,0
DA:19,0
DA:20,0
DA:21,0
DA:23,0
DA:25,0
DA:29,0
DA:31,0
DA:32,0
DA:33,0
DA:34,0
DA:35,0
DA:36,0
DA:38,0
DA:42,0
DA:45,0
DA:46,0
DA:49,0
DA:50,0
DA:53,0
DA:54,0
DA:55,0
DA:56,0
DA:57,0
DA:58,0
DA:62,0
DA:63,0
DA:68,0
DA:69,0
DA:76,0
DA:83,0
DA:102,0
DA:104,0
DA:128,0
DA:145,0
DA:156,0
DA:157,0
DA:161,0
DA:178,0
LF:45
LH:0
BRDA:32,0,0,0
BRDA:32,0,1,0
BRDA:42,1,0,0
BRDA:42,1,1,0
BRDA:54,2,0,0
BRDA:54,2,1,0
BRDA:54,2,2,0
BRDA:54,2,3,0
BRDA:68,3,0,0
BRDA:68,3,1,0
BRDA:105,4,0,0
BRDA:105,4,1,0
BRDA:125,5,0,0
BRDA:125,5,1,0
BRDA:134,6,0,0
BRDA:134,6,1,0
BRDA:171,7,0,0
BRDA:171,7,1,0
BRDA:172,8,0,0
BRDA:172,8,1,0
BRDA:178,9,0,0
BRDA:178,9,1,0
BRDA:190,10,0,0
BRDA:190,10,1,0
BRDA:195,11,0,0
BRDA:195,11,1,0
BRDA:212,12,0,0
BRDA:212,12,1,0
BRDA:220,13,0,0
BRDA:220,13,1,0
BRF:30
BRH:0
end_of_record
TN:
SF:src\pages\NetworkAnalyzerPage.tsx
FN:6,NetworkAnalyzerPage
FN:11,(anonymous_1)
FN:20,(anonymous_2)
FN:21,(anonymous_3)
FN:25,(anonymous_4)
FN:28,(anonymous_5)
FN:58,(anonymous_6)
FN:72,(anonymous_7)
FN:133,(anonymous_8)
FN:209,(anonymous_9)
FNF:10
FNH:0
FNDA:0,NetworkAnalyzerPage
FNDA:0,(anonymous_1)
FNDA:0,(anonymous_2)
FNDA:0,(anonymous_3)
FNDA:0,(anonymous_4)
FNDA:0,(anonymous_5)
FNDA:0,(anonymous_6)
FNDA:0,(anonymous_7)
FNDA:0,(anonymous_8)
FNDA:0,(anonymous_9)
DA:7,0
DA:8,0
DA:9,0
DA:11,0
DA:12,0
DA:13,0
DA:14,0
DA:15,0
DA:16,0
DA:20,0
DA:21,0
DA:22,0
DA:25,0
DA:28,0
DA:29,0
DA:30,0
DA:33,0
DA:58,0
DA:72,0
DA:133,0
DA:210,0
LF:21
LH:0
BRDA:12,0,0,0
BRDA:12,0,1,0
BRDA:22,1,0,0
BRDA:22,1,1,0
BRDA:22,1,2,0
BRDA:22,1,3,0
BRDA:56,2,0,0
BRDA:56,2,1,0
BRDA:79,3,0,0
BRDA:79,3,1,0
BRDA:82,4,0,0
BRDA:82,4,1,0
BRDA:87,5,0,0
BRDA:87,5,1,0
BRDA:89,6,0,0
BRDA:89,6,1,0
BRDA:94,7,0,0
BRDA:94,7,1,0
BRDA:96,8,0,0
BRDA:96,8,1,0
BRDA:96,9,0,0
BRDA:96,9,1,0
BRDA:99,10,0,0
BRDA:99,10,1,0
BRDA:99,11,0,0
BRDA:99,11,1,0
BRDA:99,12,0,0
BRDA:99,12,1,0
BRDA:99,13,0,0
BRDA:99,13,1,0
BRDA:100,14,0,0
BRDA:100,14,1,0
BRDA:109,15,0,0
BRDA:109,15,1,0
BRDA:109,16,0,0
BRDA:109,16,1,0
BRDA:110,17,0,0
BRDA:110,17,1,0
BRDA:115,18,0,0
BRDA:115,18,1,0
BRDA:122,19,0,0
BRDA:122,19,1,0
BRDA:126,20,0,0
BRDA:126,20,1,0
BRDA:139,21,0,0
BRDA:139,21,1,0
BRDA:139,21,2,0
BRDA:146,22,0,0
BRDA:146,22,1,0
BRDA:146,23,0,0
BRDA:146,23,1,0
BRDA:146,24,0,0
BRDA:146,24,1,0
BRDA:146,25,0,0
BRDA:146,25,1,0
BRDA:146,26,0,0
BRDA:146,26,1,0
BRDA:146,27,0,0
BRDA:146,27,1,0
BRDA:147,28,0,0
BRDA:147,28,1,0
BRDA:147,29,0,0
BRDA:147,29,1,0
BRDA:148,30,0,0
BRDA:148,30,1,0
BRDA:154,31,0,0
BRDA:154,31,1,0
BRDA:154,32,0,0
BRDA:154,32,1,0
BRDA:154,33,0,0
BRDA:154,33,1,0
BRDA:154,34,0,0
BRDA:154,34,1,0
BRDA:154,35,0,0
BRDA:154,35,1,0
BRDA:154,36,0,0
BRDA:154,36,1,0
BRDA:155,37,0,0
BRDA:155,37,1,0
BRDA:155,38,0,0
BRDA:155,38,1,0
BRDA:156,39,0,0
BRDA:156,39,1,0
BRDA:192,40,0,0
BRDA:192,40,1,0
BRDA:192,41,0,0
BRDA:192,41,1,0
BRDA:197,42,0,0
BRDA:197,42,1,0
BRDA:201,43,0,0
BRDA:201,43,1,0
BRDA:221,44,0,0
BRDA:221,44,1,0
BRDA:224,45,0,0
BRDA:224,45,1,0
BRF:95
BRH:0
end_of_record
TN:
SF:src\pages\ProcessPage.tsx
FN:10,ProcessPage
FN:22,(anonymous_1)
FN:31,(anonymous_2)
FN:36,(anonymous_3)
FN:42,(anonymous_4)
FN:59,(anonymous_5)
FN:63,(anonymous_6)
FN:68,(anonymous_7)
FN:68,(anonymous_8)
FN:69,(anonymous_9)
FN:69,(anonymous_10)
FN:71,(anonymous_11)
FN:78,(anonymous_12)
FN:81,(anonymous_13)
FN:83,(anonymous_14)
FN:89,(anonymous_15)
FN:164,(anonymous_16)
FN:172,(anonymous_17)
FN:175,(anonymous_18)
FN:178,(anonymous_19)
FN:181,(anonymous_20)
FN:201,(anonymous_21)
FN:232,(anonymous_22)
FN:250,(anonymous_23)
FN:262,(anonymous_24)
FN:265,(anonymous_25)
FN:266,(anonymous_26)
FN:267,(anonymous_27)
FN:268,(anonymous_28)
FN:269,(anonymous_29)
FN:277,(anonymous_30)
FN:299,(anonymous_31)
FN:328,(anonymous_32)
FNF:33
FNH:0
FNDA:0,ProcessPage
FNDA:0,(anonymous_1)
FNDA:0,(anonymous_2)
FNDA:0,(anonymous_3)
FNDA:0,(anonymous_4)
FNDA:0,(anonymous_5)
FNDA:0,(anonymous_6)
FNDA:0,(anonymous_7)
FNDA:0,(anonymous_8)
FNDA:0,(anonymous_9)
FNDA:0,(anonymous_10)
FNDA:0,(anonymous_11)
FNDA:0,(anonymous_12)
FNDA:0,(anonymous_13)
FNDA:0,(anonymous_14)
FNDA:0,(anonymous_15)
FNDA:0,(anonymous_16)
FNDA:0,(anonymous_17)
FNDA:0,(anonymous_18)
FNDA:0,(anonymous_19)
FNDA:0,(anonymous_20)
FNDA:0,(anonymous_21)
FNDA:0,(anonymous_22)
FNDA:0,(anonymous_23)
FNDA:0,(anonymous_24)
FNDA:0,(anonymous_25)
FNDA:0,(anonymous_26)
FNDA:0,(anonymous_27)
FNDA:0,(anonymous_28)
FNDA:0,(anonymous_29)
FNDA:0,(anonymous_30)
FNDA:0,(anonymous_31)
FNDA:0,(anonymous_32)
DA:11,0
DA:12,0
DA:13,0
DA:16,0
DA:17,0
DA:19,0
DA:20,0
DA:22,0
DA:23,0
DA:24,0
DA:26,0
DA:27,0
DA:31,0
DA:32,0
DA:34,0
DA:35,0
DA:36,0
DA:37,0
DA:42,0
DA:43,0
DA:44,0
DA:45,0
DA:46,0
DA:47,0
DA:48,0
DA:49,0
DA:50,0
DA:51,0
DA:53,0
DA:56,0
DA:59,0
DA:60,0
DA:63,0
DA:64,0
DA:65,0
DA:68,0
DA:69,0
DA:71,0
DA:72,0
DA:73,0
DA:77,0
DA:78,0
DA:80,0
DA:81,0
DA:83,0
DA:84,0
DA:85,0
DA:86,0
DA:89,0
DA:90,0
DA:91,0
DA:94,0
DA:164,0
DA:172,0
DA:175,0
DA:178,0
DA:181,0
DA:202,0
DA:203,0
DA:204,0
DA:205,0
DA:207,0
DA:232,0
DA:250,0
DA:262,0
DA:265,0
DA:266,0
DA:267,0
DA:268,0
DA:269,0
DA:277,0
DA:299,0
DA:328,0
LF:73
LH:0
BRDA:23,0,0,0
BRDA:23,0,1,0
BRDA:24,1,0,0
BRDA:24,1,1,0
BRDA:34,2,0,0
BRDA:34,2,1,0
BRDA:37,3,0,0
BRDA:37,3,1,0
BRDA:44,4,0,0
BRDA:44,4,1,0
BRDA:46,5,0,0
BRDA:46,5,1,0
BRDA:48,6,0,0
BRDA:48,6,1,0
BRDA:50,7,0,0
BRDA:50,7,1,0
BRDA:53,8,0,0
BRDA:53,8,1,0
BRDA:64,9,0,0
BRDA:64,9,1,0
BRDA:72,10,0,0
BRDA:72,10,1,0
BRDA:73,11,0,0
BRDA:73,11,1,0
BRDA:84,12,0,0
BRDA:84,12,1,0
BRDA:141,13,0,0
BRDA:141,13,1,0
BRDA:189,14,0,0
BRDA:189,14,1,0
BRDA:189,15,0,0
BRDA:189,15,1,0
BRDA:194,16,0,0
BRDA:194,16,1,0
BRDA:211,17,0,0
BRDA:211,17,1,0
BRDA:214,18,0,0
BRDA:214,18,1,0
BRDA:221,19,0,0
BRDA:221,19,1,0
BRDA:225,20,0,0
BRDA:225,20,1,0
BRDA:232,21,0,0
BRDA:232,21,1,0
BRDA:241,22,0,0
BRDA:241,22,1,0
BRDA:294,23,0,0
BRDA:294,23,1,0
BRDA:317,24,0,0
BRDA:317,24,1,0
BRF:50
BRH:0
end_of_record
TN:
SF:src\pages\ProfilesPage.tsx
FN:27,(anonymous_0)
FN:27,(anonymous_1)
FN:36,(anonymous_2)
FN:36,(anonymous_3)
FN:45,(anonymous_4)
FN:45,(anonymous_5)
FN:54,(anonymous_6)
FN:54,(anonymous_7)
FN:63,(anonymous_8)
FN:63,(anonymous_9)
FN:72,(anonymous_10)
FN:72,(anonymous_11)
FN:78,ProfilesPage
FN:81,(anonymous_13)
FN:93,(anonymous_14)
FN:95,(anonymous_15)
FN:96,(anonymous_16)
FN:96,(anonymous_17)
FN:109,(anonymous_18)
FN:135,(anonymous_19)
FN:138,(anonymous_20)
FN:138,(anonymous_21)
FN:140,(anonymous_22)
FN:152,(anonymous_23)
FN:204,(anonymous_24)
FN:226,(anonymous_25)
FN:248,(anonymous_26)
FN:250,(anonymous_27)
FN:256,(anonymous_28)
FN:256,(anonymous_29)
FN:259,(anonymous_30)
FN:259,(anonymous_31)
FN:261,(anonymous_32)
FN:261,(anonymous_33)
FN:276,(anonymous_34)
FN:279,(anonymous_35)
FN:280,(anonymous_36)
FN:280,(anonymous_37)
FN:286,(anonymous_38)
FN:288,(anonymous_39)
FN:291,(anonymous_40)
FN:291,(anonymous_41)
FN:294,(anonymous_42)
FN:294,(anonymous_43)
FN:296,(anonymous_44)
FN:296,(anonymous_45)
FNF:46
FNH:0
FNDA:0,(anonymous_0)
FNDA:0,(anonymous_1)
FNDA:0,(anonymous_2)
FNDA:0,(anonymous_3)
FNDA:0,(anonymous_4)
FNDA:0,(anonymous_5)
FNDA:0,(anonymous_6)
FNDA:0,(anonymous_7)
FNDA:0,(anonymous_8)
FNDA:0,(anonymous_9)
FNDA:0,(anonymous_10)
FNDA:0,(anonymous_11)
FNDA:0,ProfilesPage
FNDA:0,(anonymous_13)
FNDA:0,(anonymous_14)
FNDA:0,(anonymous_15)
FNDA:0,(anonymous_16)
FNDA:0,(anonymous_17)
FNDA:0,(anonymous_18)
FNDA:0,(anonymous_19)
FNDA:0,(anonymous_20)
FNDA:0,(anonymous_21)
FNDA:0,(anonymous_22)
FNDA:0,(anonymous_23)
FNDA:0,(anonymous_24)
FNDA:0,(anonymous_25)
FNDA:0,(anonymous_26)
FNDA:0,(anonymous_27)
FNDA:0,(anonymous_28)
FNDA:0,(anonymous_29)
FNDA:0,(anonymous_30)
FNDA:0,(anonymous_31)
FNDA:0,(anonymous_32)
FNDA:0,(anonymous_33)
FNDA:0,(anonymous_34)
FNDA:0,(anonymous_35)
FNDA:0,(anonymous_36)
FNDA:0,(anonymous_37)
FNDA:0,(anonymous_38)
FNDA:0,(anonymous_39)
FNDA:0,(anonymous_40)
FNDA:0,(anonymous_41)
FNDA:0,(anonymous_42)
FNDA:0,(anonymous_43)
FNDA:0,(anonymous_44)
FNDA:0,(anonymous_45)
DA:21,0
DA:27,0
DA:36,0
DA:45,0
DA:54,0
DA:63,0
DA:72,0
DA:79,0
DA:80,0
DA:81,0
DA:82,0
DA:83,0
DA:86,0
DA:87,0
DA:88,0
DA:89,0
DA:90,0
DA:91,0
DA:93,0
DA:94,0
DA:95,0
DA:96,0
DA:99,0
DA:100,0
DA:101,0
DA:104,0
DA:105,0
DA:106,0
DA:109,0
DA:110,0
DA:111,0
DA:112,0
DA:113,0
DA:114,0
DA:117,0
DA:136,0
DA:137,0
DA:138,0
DA:140,0
DA:141,0
DA:142,0
DA:144,0
DA:152,0
DA:205,0
DA:226,0
DA:249,0
DA:250,0
DA:251,0
DA:252,0
DA:254,0
DA:255,0
DA:256,0
DA:257,0
DA:258,0
DA:259,0
DA:261,0
DA:262,0
DA:263,0
DA:266,0
DA:277,0
DA:278,0
DA:279,0
DA:280,0
DA:282,0
DA:283,0
DA:284,0
DA:287,0
DA:288,0
DA:289,0
DA:290,0
DA:291,0
DA:292,0
DA:293,0
DA:294,0
DA:296,0
DA:297,0
DA:298,0
LF:77
LH:0
BRDA:27,0,0,0
BRDA:27,0,1,0
BRDA:36,1,0,0
BRDA:36,1,1,0
BRDA:45,2,0,0
BRDA:45,2,1,0
BRDA:54,3,0,0
BRDA:54,3,1,0
BRDA:63,4,0,0
BRDA:63,4,1,0
BRDA:99,5,0,0
BRDA:99,5,1,0
BRDA:150,6,0,0
BRDA:150,6,1,0
BRDA:152,7,0,0
BRDA:152,7,1,0
BRDA:179,8,0,0
BRDA:179,8,1,0
BRDA:183,9,0,0
BRDA:183,9,1,0
BRDA:194,10,0,0
BRDA:194,10,1,0
BRDA:211,11,0,0
BRDA:211,11,1,0
BRDA:212,12,0,0
BRDA:212,12,1,0
BRDA:217,13,0,0
BRDA:217,13,1,0
BRDA:227,14,0,0
BRDA:227,14,1,0
BRDA:231,15,0,0
BRDA:231,15,1,0
BRDA:256,16,0,0
BRDA:256,16,1,0
BRDA:258,17,0,0
BRDA:258,17,1,0
BRDA:259,18,0,0
BRDA:259,18,1,0
BRDA:261,19,0,0
BRDA:261,19,1,0
BRDA:261,20,0,0
BRDA:261,20,1,0
BRDA:283,21,0,0
BRDA:283,21,1,0
BRDA:291,22,0,0
BRDA:291,22,1,0
BRDA:293,23,0,0
BRDA:293,23,1,0
BRDA:294,24,0,0
BRDA:294,24,1,0
BRDA:296,25,0,0
BRDA:296,25,1,0
BRDA:296,26,0,0
BRDA:296,26,1,0
BRF:54
BRH:0
end_of_record
TN:
SF:src\pages\SettingsPage.tsx
FN:17,SettingSection
FN:36,Toggle
FN:41,(anonymous_2)
FN:54,SelectOption
FN:62,(anonymous_4)
FN:65,(anonymous_5)
FN:73,SettingsPage
FN:79,(anonymous_7)
FN:123,(anonymous_8)
FN:130,(anonymous_9)
FN:142,(anonymous_10)
FN:146,(anonymous_11)
FN:162,(anonymous_12)
FN:167,(anonymous_13)
FN:182,(anonymous_14)
FN:187,(anonymous_15)
FN:209,(anonymous_16)
FN:226,(anonymous_17)
FN:244,(anonymous_18)
FN:250,(anonymous_19)
FNF:20
FNH:0
FNDA:0,SettingSection
FNDA:0,Toggle
FNDA:0,(anonymous_2)
FNDA:0,SelectOption
FNDA:0,(anonymous_4)
FNDA:0,(anonymous_5)
FNDA:0,SettingsPage
FNDA:0,(anonymous_7)
FNDA:0,(anonymous_8)
FNDA:0,(anonymous_9)
FNDA:0,(anonymous_10)
FNDA:0,(anonymous_11)
FNDA:0,(anonymous_12)
FNDA:0,(anonymous_13)
FNDA:0,(anonymous_14)
FNDA:0,(anonymous_15)
FNDA:0,(anonymous_16)
FNDA:0,(anonymous_17)
FNDA:0,(anonymous_18)
FNDA:0,(anonymous_19)
DA:8,0
DA:20,0
DA:37,0
DA:41,0
DA:57,0
DA:62,0
DA:66,0
DA:74,0
DA:75,0
DA:76,0
DA:77,0
DA:79,0
DA:80,0
DA:86,0
DA:87,0
DA:88,0
DA:91,0
DA:123,0
DA:130,0
DA:143,0
DA:146,0
DA:162,0
DA:167,0
DA:182,0
DA:188,0
DA:189,0
DA:191,0
DA:209,0
DA:226,0
DA:244,0
DA:251,0
DA:252,0
DA:253,0
LF:33
LH:0
BRDA:42,0,0,0
BRDA:42,0,1,0
BRDA:46,1,0,0
BRDA:46,1,1,0
BRDA:124,2,0,0
BRDA:124,2,1,0
BRDA:131,3,0,0
BRDA:131,3,1,0
BRDA:147,4,0,0
BRDA:147,4,1,0
BRDA:188,5,0,0
BRDA:188,5,1,0
BRDA:202,6,0,0
BRDA:202,6,1,0
BRF:14
BRH:0
end_of_record
TN:
SF:src\pages\StartupPage.tsx
FN:6,StartupPage
FN:11,(anonymous_1)
FN:46,(anonymous_2)
FN:77,(anonymous_3)
FN:101,(anonymous_4)
FNF:5
FNH:0
FNDA:0,StartupPage
FNDA:0,(anonymous_1)
FNDA:0,(anonymous_2)
FNDA:0,(anonymous_3)
FNDA:0,(anonymous_4)
DA:7,0
DA:8,0
DA:10,0
DA:11,0
DA:15,0
DA:46,0
DA:78,0
DA:101,0
LF:8
LH:0
BRDA:11,0,0,0
BRDA:11,0,1,0
BRDA:34,1,0,0
BRDA:34,1,1,0
BRDA:61,2,0,0
BRDA:61,2,1,0
BRDA:61,3,0,0
BRDA:61,3,1,0
BRDA:66,4,0,0
BRDA:66,4,1,0
BRDA:70,5,0,0
BRDA:70,5,1,0
BRDA:81,6,0,0
BRDA:81,6,1,0
BRDA:87,7,0,0
BRDA:87,7,1,0
BRDA:102,8,0,0
BRDA:102,8,1,0
BRDA:104,9,0,0
BRDA:104,9,1,0
BRF:20
BRH:0
end_of_record
TN:
SF:src\pages\StoragePage.tsx
FN:6,StoragePage
FN:11,(anonymous_1)
FN:13,(anonymous_2)
FN:17,(anonymous_3)
FN:24,(anonymous_4)
FN:25,(anonymous_5)
FN:29,(anonymous_6)
FN:30,(anonymous_7)
FN:33,(anonymous_8)
FN:34,(anonymous_9)
FN:34,(anonymous_10)
FN:37,(anonymous_11)
FN:94,(anonymous_12)
FN:116,(anonymous_13)
FN:129,(anonymous_14)
FN:160,(anonymous_15)
FN:166,(anonymous_16)
FNF:17
FNH:0
FNDA:0,StoragePage
FNDA:0,(anonymous_1)
FNDA:0,(anonymous_2)
FNDA:0,(anonymous_3)
FNDA:0,(anonymous_4)
FNDA:0,(anonymous_5)
FNDA:0,(anonymous_6)
FNDA:0,(anonymous_7)
FNDA:0,(anonymous_8)
FNDA:0,(anonymous_9)
FNDA:0,(anonymous_10)
FNDA:0,(anonymous_11)
FNDA:0,(anonymous_12)
FNDA:0,(anonymous_13)
FNDA:0,(anonymous_14)
FNDA:0,(anonymous_15)
FNDA:0,(anonymous_16)
DA:7,0
DA:8,0
DA:11,0
DA:12,0
DA:13,0
DA:17,0
DA:18,0
DA:19,0
DA:20,0
DA:21,0
DA:24,0
DA:25,0
DA:26,0
DA:29,0
DA:30,0
DA:33,0
DA:34,0
DA:37,0
DA:38,0
DA:39,0
DA:40,0
DA:41,0
DA:42,0
DA:45,0
DA:95,0
DA:116,0
DA:129,0
DA:161,0
DA:162,0
DA:166,0
LF:30
LH:0
BRDA:12,0,0,0
BRDA:12,0,1,0
BRDA:12,1,0,0
BRDA:12,1,1,0
BRDA:19,2,0,0
BRDA:19,2,1,0
BRDA:25,3,0,0
BRDA:25,3,1,0
BRDA:38,4,0,0
BRDA:38,4,1,0
BRDA:60,5,0,0
BRDA:60,5,1,0
BRDA:64,6,0,0
BRDA:64,6,1,0
BRDA:77,7,0,0
BRDA:77,7,1,0
BRDA:80,8,0,0
BRDA:80,8,1,0
BRDA:83,9,0,0
BRDA:83,9,1,0
BRDA:83,9,2,0
BRDA:90,10,0,0
BRDA:90,10,1,0
BRDA:98,11,0,0
BRDA:98,11,1,0
BRDA:98,12,0,0
BRDA:98,12,1,0
BRDA:98,13,0,0
BRDA:98,13,1,0
BRDA:98,14,0,0
BRDA:98,14,1,0
BRDA:100,15,0,0
BRDA:100,15,1,0
BRDA:117,16,0,0
BRDA:117,16,1,0
BRDA:119,17,0,0
BRDA:119,17,1,0
BRDA:119,18,0,0
BRDA:119,18,1,0
BRDA:121,19,0,0
BRDA:121,19,1,0
BRDA:121,19,2,0
BRDA:130,20,0,0
BRDA:130,20,1,0
BRDA:130,20,2,0
BRDA:133,21,0,0
BRDA:133,21,1,0
BRDA:141,22,0,0
BRDA:141,22,1,0
BRDA:141,23,0,0
BRDA:141,23,1,0
BRDA:147,24,0,0
BRDA:147,24,1,0
BRDA:152,25,0,0
BRDA:152,25,1,0
BRDA:165,26,0,0
BRDA:165,26,1,0
BRDA:171,27,0,0
BRDA:171,27,1,0
BRDA:173,28,0,0
BRDA:173,28,1,0
BRDA:180,29,0,0
BRDA:180,29,1,0
BRDA:187,30,0,0
BRDA:187,30,1,0
BRF:65
BRH:0
end_of_record
TN:
SF:src\pages\TweaksPage.tsx
FN:11,TweaksPage
FN:28,(anonymous_1)
FN:29,(anonymous_2)
FN:30,(anonymous_3)
FN:31,(anonymous_4)
FN:32,(anonymous_5)
FN:35,(anonymous_6)
FN:38,(anonymous_7)
FN:41,(anonymous_8)
FN:43,(anonymous_9)
FN:46,(anonymous_10)
FN:48,(anonymous_11)
FN:55,(anonymous_12)
FN:57,(anonymous_13)
FN:58,(anonymous_14)
FN:58,(anonymous_15)
FN:81,(anonymous_16)
FN:85,(anonymous_17)
FN:90,(anonymous_18)
FN:91,(anonymous_19)
FN:96,(anonymous_20)
FN:126,(anonymous_21)
FN:185,(anonymous_22)
FN:222,(anonymous_23)
FN:223,(anonymous_24)
FN:228,(anonymous_25)
FN:249,(anonymous_26)
FN:271,(anonymous_27)
FN:283,(anonymous_28)
FN:288,(anonymous_29)
FN:311,(anonymous_30)
FN:333,(anonymous_31)
FN:390,(anonymous_32)
FN:409,(anonymous_33)
FN:448,(anonymous_34)
FN:474,(anonymous_35)
FN:506,(anonymous_36)
FN:507,(anonymous_37)
FN:507,(anonymous_38)
FN:521,(anonymous_39)
FN:528,(anonymous_40)
FN:541,(anonymous_41)
FN:541,(anonymous_42)
FN:542,(anonymous_43)
FN:544,(anonymous_44)
FN:546,(anonymous_45)
FN:546,(anonymous_46)
FN:548,(anonymous_47)
FN:555,(anonymous_48)
FN:555,(anonymous_49)
FN:560,(anonymous_50)
FN:560,(anonymous_51)
FN:562,(anonymous_52)
FN:562,(anonymous_53)
FN:586,(anonymous_54)
FN:590,(anonymous_55)
FN:594,(anonymous_56)
FN:594,(anonymous_57)
FN:601,(anonymous_58)
FN:603,(anonymous_59)
FN:603,(anonymous_60)
FN:606,(anonymous_61)
FN:606,(anonymous_62)
FN:609,(anonymous_63)
FN:609,(anonymous_64)
FN:611,(anonymous_65)
FN:611,(anonymous_66)
FN:625,(anonymous_67)
FN:657,(anonymous_68)
FN:687,(anonymous_69)
FN:701,(anonymous_70)
FN:716,(anonymous_71)
FN:720,(anonymous_72)
FNF:73
FNH:32
FNDA:30,TweaksPage
FNDA:150,(anonymous_1)
FNDA:150,(anonymous_2)
FNDA:150,(anonymous_3)
FNDA:150,(anonymous_4)
FNDA:150,(anonymous_5)
FNDA:3630,(anonymous_6)
FNDA:290,(anonymous_7)
FNDA:290,(anonymous_8)
FNDA:290,(anonymous_9)
FNDA:7,(anonymous_10)
FNDA:847,(anonymous_11)
FNDA:6,(anonymous_12)
FNDA:60,(anonymous_13)
FNDA:60,(anonymous_14)
FNDA:0,(anonymous_15)
FNDA:6,(anonymous_16)
FNDA:1,(anonymous_17)
FNDA:1,(anonymous_18)
FNDA:0,(anonymous_19)
FNDA:0,(anonymous_20)
FNDA:2,(anonymous_21)
FNDA:120,(anonymous_22)
FNDA:116,(anonymous_23)
FNDA:870,(anonymous_24)
FNDA:3,(anonymous_25)
FNDA:0,(anonymous_26)
FNDA:0,(anonymous_27)
FNDA:120,(anonymous_28)
FNDA:160,(anonymous_29)
FNDA:1,(anonymous_30)
FNDA:1,(anonymous_31)
FNDA:0,(anonymous_32)
FNDA:0,(anonymous_33)
FNDA:0,(anonymous_34)
FNDA:0,(anonymous_35)
FNDA:3,(anonymous_36)
FNDA:3,(anonymous_37)
FNDA:3,(anonymous_38)
FNDA:0,(anonymous_39)
FNDA:0,(anonymous_40)
FNDA:1,(anonymous_41)
FNDA:1,(anonymous_42)
FNDA:0,(anonymous_43)
FNDA:0,(anonymous_44)
FNDA:0,(anonymous_45)
FNDA:0,(anonymous_46)
FNDA:0,(anonymous_47)
FNDA:0,(anonymous_48)
FNDA:0,(anonymous_49)
FNDA:0,(anonymous_50)
FNDA:0,(anonymous_51)
FNDA:0,(anonymous_52)
FNDA:0,(anonymous_53)
FNDA:0,(anonymous_54)
FNDA:0,(anonymous_55)
FNDA:0,(anonymous_56)
FNDA:0,(anonymous_57)
FNDA:0,(anonymous_58)
FNDA:0,(anonymous_59)
FNDA:0,(anonymous_60)
FNDA:0,(anonymous_61)
FNDA:0,(anonymous_62)
FNDA:0,(anonymous_63)
FNDA:0,(anonymous_64)
FNDA:0,(anonymous_65)
FNDA:0,(anonymous_66)
FNDA:0,(anonymous_67)
FNDA:0,(anonymous_68)
FNDA:0,(anonymous_69)
FNDA:0,(anonymous_70)
FNDA:0,(anonymous_71)
FNDA:0,(anonymous_72)
DA:12,30
DA:13,30
DA:14,30
DA:15,30
DA:16,30
DA:17,30
DA:18,30
DA:19,30
DA:20,30
DA:21,30
DA:22,30
DA:23,30
DA:25,30
DA:26,30
DA:28,150
DA:29,150
DA:30,150
DA:31,150
DA:32,150
DA:35,3630
DA:38,290
DA:41,290
DA:43,290
DA:46,30
DA:47,7
DA:48,847
DA:50,7
DA:52,6
DA:53,6
DA:55,6
DA:56,6
DA:58,60
DA:59,60
DA:60,60
DA:64,6
DA:67,6
DA:68,60
DA:69,0
DA:70,0
DA:71,0
DA:72,0
DA:73,0
DA:74,0
DA:78,6
DA:81,6
DA:85,30
DA:86,1
DA:87,1
DA:88,0
DA:90,1
DA:91,1
DA:96,30
DA:97,0
DA:98,0
DA:99,0
DA:100,0
DA:101,0
DA:102,0
DA:104,0
DA:107,0
DA:108,0
DA:112,30
DA:118,30
DA:126,30
DA:127,2
DA:185,30
DA:186,120
DA:202,30
DA:223,870
DA:224,116
DA:225,87
DA:228,3
DA:249,0
DA:271,0
DA:284,120
DA:289,160
DA:290,160
DA:291,160
DA:294,160
DA:300,160
DA:302,160
DA:311,1
DA:333,1
DA:390,0
DA:409,0
DA:448,0
DA:474,0
DA:507,3
DA:508,3
DA:509,1
DA:521,0
DA:528,0
DA:541,1
DA:542,0
DA:545,0
DA:546,0
DA:548,0
DA:549,0
DA:550,0
DA:551,0
DA:553,0
DA:554,0
DA:555,0
DA:557,0
DA:559,0
DA:560,0
DA:562,0
DA:563,0
DA:564,0
DA:565,0
DA:567,0
DA:571,0
DA:572,0
DA:573,0
DA:574,0
DA:576,0
DA:587,0
DA:588,0
DA:591,0
DA:592,0
DA:594,0
DA:596,0
DA:597,0
DA:598,0
DA:599,0
DA:602,0
DA:603,0
DA:604,0
DA:605,0
DA:606,0
DA:607,0
DA:608,0
DA:609,0
DA:611,0
DA:612,0
DA:625,0
DA:657,0
DA:687,0
DA:701,0
DA:716,0
DA:720,0
LF:141
LH:69
BRDA:38,0,0,290
BRDA:38,0,1,0
BRDA:41,1,0,290
BRDA:41,1,1,290
BRDA:43,2,0,290
BRDA:43,2,1,20
BRDA:48,3,0,847
BRDA:48,3,1,60
BRDA:50,4,0,1
BRDA:50,4,1,6
BRDA:64,5,0,0
BRDA:64,5,1,6
BRDA:68,6,0,60
BRDA:68,6,1,0
BRDA:68,7,0,60
BRDA:68,7,1,60
BRDA:71,8,0,0
BRDA:71,8,1,0
BRDA:71,9,0,0
BRDA:71,9,1,0
BRDA:73,10,0,0
BRDA:73,10,1,0
BRDA:73,11,0,0
BRDA:73,11,1,0
BRDA:87,12,0,0
BRDA:87,12,1,1
BRDA:91,13,0,0
BRDA:91,13,1,1
BRDA:97,14,0,0
BRDA:97,14,1,0
BRDA:101,15,0,0
BRDA:101,15,1,0
BRDA:104,16,0,0
BRDA:104,16,1,0
BRDA:170,17,0,2
BRDA:170,17,1,2
BRDA:185,18,0,120
BRDA:217,19,0,30
BRDA:217,19,1,29
BRDA:223,20,0,29
BRDA:223,20,1,87
BRDA:224,21,0,29
BRDA:224,21,1,87
BRDA:224,22,0,116
BRDA:224,22,1,29
BRDA:229,23,0,29
BRDA:229,23,1,58
BRDA:231,24,0,116
BRDA:231,24,1,58
BRDA:244,25,0,29
BRDA:244,25,1,1
BRDA:248,26,0,30
BRDA:248,26,1,1
BRDA:252,27,0,1
BRDA:252,27,1,29
BRDA:260,28,0,30
BRDA:260,28,1,0
BRDA:268,29,0,0
BRDA:268,29,1,0
BRDA:281,30,0,1
BRDA:281,30,1,29
BRDA:282,31,0,12
BRDA:282,31,1,18
BRDA:283,32,0,12
BRDA:283,32,1,0
BRDA:294,33,0,0
BRDA:294,33,1,160
BRDA:296,34,0,1
BRDA:296,34,1,159
BRDA:300,35,0,1
BRDA:300,35,1,159
BRDA:300,36,0,160
BRDA:300,36,1,160
BRDA:310,37,0,1
BRDA:310,37,1,159
BRDA:311,38,0,0
BRDA:311,38,1,1
BRDA:313,39,0,160
BRDA:313,39,1,1
BRDA:322,40,0,160
BRDA:322,40,1,0
BRDA:326,41,0,160
BRDA:326,41,1,1
BRDA:326,41,2,1
BRDA:326,41,3,1
BRDA:334,42,0,0
BRDA:334,42,1,160
BRDA:349,43,0,0
BRDA:349,43,1,160
BRDA:349,44,0,1
BRDA:349,44,1,159
BRDA:353,45,0,160
BRDA:353,45,1,0
BRDA:358,46,0,160
BRDA:358,46,1,0
BRDA:369,47,0,0
BRDA:369,47,1,160
BRDA:369,48,0,1
BRDA:369,48,1,159
BRDA:379,49,0,1
BRDA:379,49,1,17
BRDA:387,50,0,0
BRDA:387,50,1,17
BRDA:406,51,0,30
BRDA:406,51,1,1
BRDA:418,52,0,1
BRDA:418,52,1,29
BRDA:441,53,0,30
BRDA:441,53,1,1
BRDA:493,54,0,30
BRDA:493,54,1,1
BRDA:503,55,0,0
BRDA:503,55,1,1
BRDA:508,56,0,2
BRDA:508,56,1,1
BRDA:555,57,0,0
BRDA:555,57,1,0
BRDA:559,58,0,0
BRDA:559,58,1,0
BRDA:560,59,0,0
BRDA:560,59,1,0
BRDA:562,60,0,0
BRDA:562,60,1,0
BRDA:562,61,0,0
BRDA:562,61,1,0
BRDA:564,62,0,0
BRDA:564,62,1,0
BRDA:572,63,0,0
BRDA:572,63,1,0
BRDA:573,64,0,0
BRDA:573,64,1,0
BRDA:597,65,0,0
BRDA:597,65,1,0
BRDA:606,66,0,0
BRDA:606,66,1,0
BRDA:608,67,0,0
BRDA:608,67,1,0
BRDA:609,68,0,0
BRDA:609,68,1,0
BRDA:611,69,0,0
BRDA:611,69,1,0
BRDA:611,70,0,0
BRDA:611,70,1,0
BRDA:620,71,0,30
BRDA:620,71,1,0
BRDA:625,72,0,0
BRDA:625,72,1,0
BRDA:668,73,0,0
BRDA:668,73,1,0
BRDA:682,74,0,30
BRDA:682,74,1,0
BRF:151
BRH:84
end_of_record
TN:
SF:src\store\appStore.ts
FN:116,(anonymous_0)
FN:137,(anonymous_1)
FN:138,(anonymous_2)
FN:144,(anonymous_3)
FN:145,(anonymous_4)
FN:146,(anonymous_5)
FN:149,(anonymous_6)
FN:150,(anonymous_7)
FN:155,(anonymous_8)
FN:156,(anonymous_9)
FN:158,(anonymous_10)
FN:162,(anonymous_11)
FN:164,(anonymous_12)
FN:166,(anonymous_13)
FN:167,(anonymous_14)
FN:171,(anonymous_15)
FN:174,(anonymous_16)
FN:178,(anonymous_17)
FNF:18
FNH:12
FNDA:4,(anonymous_0)
FNDA:7,(anonymous_1)
FNDA:7,(anonymous_2)
FNDA:7,(anonymous_3)
FNDA:7,(anonymous_4)
FNDA:7,(anonymous_5)
FNDA:0,(anonymous_6)
FNDA:0,(anonymous_7)
FNDA:0,(anonymous_8)
FNDA:0,(anonymous_9)
FNDA:0,(anonymous_10)
FNDA:0,(anonymous_11)
FNDA:20,(anonymous_12)
FNDA:77,(anonymous_13)
FNDA:77,(anonymous_14)
FNDA:38,(anonymous_15)
FNDA:17,(anonymous_16)
FNDA:211,(anonymous_17)
DA:114,4
DA:116,4
DA:138,7
DA:145,7
DA:146,7
DA:150,0
DA:156,0
DA:158,0
DA:162,0
DA:164,20
DA:167,77
DA:172,38
DA:174,17
DA:178,211
LF:14
LH:10
BRDA:139,0,0,0
BRDA:139,0,1,7
BRDA:157,1,0,0
BRDA:157,1,1,0
BRDA:171,2,0,38
BRF:5
BRH:2
end_of_record
